#
# There is insufficient memory for the Java Runtime Environment to continue.
# Native memory allocation (mmap) failed to map 266338304 bytes for G1 virtual space
# Possible reasons:
#   The system is out of physical RAM or swap space
#   The process is running with CompressedOops enabled, and the Java Heap may be blocking the growth of the native heap
# Possible solutions:
#   Reduce memory load on the system
#   Increase physical memory or swap space
#   Check if swap backing store is full
#   Decrease Java heap size (-Xmx/-Xms)
#   Decrease number of Java threads
#   Decrease Java thread stack sizes (-Xss)
#   Set larger code cache with -XX:ReservedCodeCacheSize=
#   JVM is running with Zero Based Compressed Oops mode in which the Java heap is
#     placed in the first 32GB address space. The Java Heap base address is the
#     maximum limit for the native heap growth. Please use -XX:HeapBaseMinAddress
#     to set the Java Heap base and to place the Java Heap above 32GB virtual address.
# This output file may be truncated or incomplete.
#
#  Out of Memory Error (os_windows.cpp:3527), pid=235704, tid=236568
#
# JRE version:  (19.0.1+10) (build )
# Java VM: OpenJDK 64-Bit Server VM (19.0.1+10-21, mixed mode, sharing, tiered, compressed oops, compressed class ptrs, g1 gc, windows-amd64)
# No core dump will be written. Minidumps are not enabled by default on client versions of Windows
#

---------------  S U M M A R Y ------------

Command Line: -Dnet.bytebuddy.agent.attacher.dump= net.bytebuddy.agent.Attacher com.sun.tools.attach.VirtualMachine 235632 C:\Users\DELL\.m2\repository\net\bytebuddy\byte-buddy-agent\1.14.10\byte-buddy-agent-1.14.10.jar false 

Host: Intel(R) Core(TM) i5-7200U CPU @ 2.50GHz, 4 cores, 15G,  Windows 10 , 64 bit Build 19041 (10.0.19041.3570)
Time: Tue Nov 28 18:24:12 2023 India Standard Time elapsed time: 0.019361 seconds (0d 0h 0m 0s)

---------------  T H R E A D  ---------------

Current thread (0x0000015f89dd8c90):  JavaThread "Unknown thread" [_thread_in_vm, id=236568, stack(0x0000003a81700000,0x0000003a81800000)]

Stack: [0x0000003a81700000,0x0000003a81800000]
Native frames: (J=compiled Java code, j=interpreted, Vv=VM code, C=native code)
V  [jvm.dll+0x6ee8fa]
V  [jvm.dll+0x857a1e]
V  [jvm.dll+0x85940e]
V  [jvm.dll+0x859ac3]
V  [jvm.dll+0x28291f]
V  [jvm.dll+0x6eb6e9]
V  [jvm.dll+0x6e028a]
V  [jvm.dll+0x357136]
V  [jvm.dll+0x35eb96]
V  [jvm.dll+0x3b555e]
V  [jvm.dll+0x3b578f]
V  [jvm.dll+0x32c6ea]
V  [jvm.dll+0x32d59e]
V  [jvm.dll+0x821b20]
V  [jvm.dll+0x3c27c1]
V  [jvm.dll+0x8022f1]
V  [jvm.dll+0x44b30f]
V  [jvm.dll+0x44cc91]
C  [jli.dll+0x5287]
C  [ucrtbase.dll+0x21bb2]
C  [KERNEL32.DLL+0x17344]
C  [ntdll.dll+0x526b1]


---------------  P R O C E S S  ---------------

Threads class SMR info:
_java_thread_list=0x00007ffbbc6ed048, length=0, elements={
}

Java Threads: ( => current thread )

Other Threads:
  0x0000015f89e4a010 WorkerThread "GC Thread#0" [stack: 0x0000003a81800000,0x0000003a81900000] [id=236892]
  0x0000015f89e5ac50 ConcurrentGCThread "G1 Main Marker" [stack: 0x0000003a81900000,0x0000003a81a00000] [id=235864]
  0x0000015f89e5b730 WorkerThread "G1 Conc#0" [stack: 0x0000003a81a00000,0x0000003a81b00000] [id=236808]

[error occurred during error reporting (printing all threads), id 0xc0000005, EXCEPTION_ACCESS_VIOLATION (0xc0000005) at pc=0x00007ffbbbead127]

VM state: not at safepoint (not fully initialized)

VM Mutex/Monitor currently owned by a thread:  ([mutex/lock_event])
[0x0000015f89dd5110] Heap_lock - owner thread: 0x0000015f89dd8c90

Heap address: 0x0000000702200000, size: 4062 MB, Compressed Oops mode: Zero based, Oop shift amount: 3

CDS archive(s) mapped at: [0x0000000000000000-0x0000000000000000-0x0000000000000000), size 0, SharedBaseAddress: 0x0000000800000000, ArchiveRelocationMode: 0.
Narrow klass base: 0x0000000000000000, Narrow klass shift: 0, Narrow klass range: 0x0

GC Precious Log:
 CardTable entry size: 512
 Card Set container configuration: InlinePtr #cards 4 size 8 Array Of Cards #cards 16 size 48 Howl #buckets 8 coarsen threshold 3686 Howl Bitmap #cards 512 size 80 coarsen threshold 460 Card regions per heap region 1 cards per card region 4096

Heap:
 garbage-first heap   total 0K, used 0K [0x0000000702200000, 0x0000000800000000)
  region size 2048K, 0 young (0K), 0 survivors (0K)

[error occurred during error reporting (printing heap information), id 0xc0000005, EXCEPTION_ACCESS_VIOLATION (0xc0000005) at pc=0x00007ffbbc2b6959]

GC Heap History (0 events):
No events

Dll operation events (1 events):
Event: 0.011 Loaded shared library C:\Users\DELL\.jdks\openjdk-19.0.1\bin\java.dll

Deoptimization events (0 events):
No events

Classes loaded (0 events):
No events

Classes unloaded (0 events):
No events

Classes redefined (0 events):
No events

Internal exceptions (0 events):
No events

VM Operations (0 events):
No events

Events (0 events):
No events


Dynamic libraries:
0x00007ff715dc0000 - 0x00007ff715dce000 	C:\Users\DELL\.jdks\openjdk-19.0.1\bin\java.exe
0x00007ffc1ce70000 - 0x00007ffc1d067000 	C:\Windows\SYSTEM32\ntdll.dll
0x00007ffc1c7d0000 - 0x00007ffc1c88d000 	C:\Windows\System32\KERNEL32.DLL
0x00007ffc1abd0000 - 0x00007ffc1aec6000 	C:\Windows\System32\KERNELBASE.dll
0x00007ffc1a830000 - 0x00007ffc1a930000 	C:\Windows\System32\ucrtbase.dll
0x00007ffbff490000 - 0x00007ffbff4ab000 	C:\Users\DELL\.jdks\openjdk-19.0.1\bin\VCRUNTIME140.dll
0x00007ffc01860000 - 0x00007ffc01877000 	C:\Users\DELL\.jdks\openjdk-19.0.1\bin\jli.dll
0x00007ffc1c9f0000 - 0x00007ffc1cb8e000 	C:\Windows\System32\USER32.dll
0x00007ffc1aa50000 - 0x00007ffc1aa72000 	C:\Windows\System32\win32u.dll
0x00007ffc1b550000 - 0x00007ffc1b57c000 	C:\Windows\System32\GDI32.dll
0x00007ffc1a930000 - 0x00007ffc1aa4a000 	C:\Windows\System32\gdi32full.dll
0x00007ffc06470000 - 0x00007ffc0670a000 	C:\Windows\WinSxS\amd64_microsoft.windows.common-controls_6595b64144ccf1df_6.0.19041.3570_none_60bb2a3971f3e41a\COMCTL32.dll
0x00007ffc1ab30000 - 0x00007ffc1abcd000 	C:\Windows\System32\msvcp_win.dll
0x00007ffc1cb90000 - 0x00007ffc1cc2e000 	C:\Windows\System32\msvcrt.dll
0x00007ffc1aed0000 - 0x00007ffc1af00000 	C:\Windows\System32\IMM32.DLL
0x00007ffc15280000 - 0x00007ffc1528c000 	C:\Users\DELL\.jdks\openjdk-19.0.1\bin\vcruntime140_1.dll
0x00007ffbef210000 - 0x00007ffbef29e000 	C:\Users\DELL\.jdks\openjdk-19.0.1\bin\msvcp140.dll
0x00007ffbbbb70000 - 0x00007ffbbc830000 	C:\Users\DELL\.jdks\openjdk-19.0.1\bin\server\jvm.dll
0x00007ffc1ba00000 - 0x00007ffc1baae000 	C:\Windows\System32\ADVAPI32.dll
0x00007ffc1bc50000 - 0x00007ffc1bcec000 	C:\Windows\System32\sechost.dll
0x00007ffc1b600000 - 0x00007ffc1b726000 	C:\Windows\System32\RPCRT4.dll
0x00007ffbffe20000 - 0x00007ffbffe29000 	C:\Windows\SYSTEM32\WSOCK32.dll
0x00007ffc1b010000 - 0x00007ffc1b07b000 	C:\Windows\System32\WS2_32.dll
0x00007ffbf53e0000 - 0x00007ffbf5407000 	C:\Windows\SYSTEM32\WINMM.dll
0x00007ffc11e20000 - 0x00007ffc11e2a000 	C:\Windows\SYSTEM32\VERSION.dll
0x00007ffc18d40000 - 0x00007ffc18d52000 	C:\Windows\SYSTEM32\kernel.appcore.dll
0x00007ffc14330000 - 0x00007ffc1433a000 	C:\Users\DELL\.jdks\openjdk-19.0.1\bin\jimage.dll
0x00007ffc18b30000 - 0x00007ffc18d14000 	C:\Windows\SYSTEM32\DBGHELP.DLL
0x00007ffc016d0000 - 0x00007ffc01704000 	C:\Windows\SYSTEM32\dbgcore.DLL
0x00007ffc1a550000 - 0x00007ffc1a5d2000 	C:\Windows\System32\bcryptPrimitives.dll
0x00007ffbfe510000 - 0x00007ffbfe536000 	C:\Users\DELL\.jdks\openjdk-19.0.1\bin\java.dll

dbghelp: loaded successfully - version: 4.0.5 - missing functions: none
symbol engine: initialized successfully - sym options: 0x614 - pdb path: .;C:\Users\DELL\.jdks\openjdk-19.0.1\bin;C:\Windows\SYSTEM32;C:\Windows\WinSxS\amd64_microsoft.windows.common-controls_6595b64144ccf1df_6.0.19041.3570_none_60bb2a3971f3e41a;C:\Users\DELL\.jdks\openjdk-19.0.1\bin\server

VM Arguments:
jvm_args: -Dnet.bytebuddy.agent.attacher.dump= 
java_command: net.bytebuddy.agent.Attacher com.sun.tools.attach.VirtualMachine 235632 C:\Users\DELL\.m2\repository\net\bytebuddy\byte-buddy-agent\1.14.10\byte-buddy-agent-1.14.10.jar false 
java_class_path (initial): C:\Users\DELL\.m2\repository\net\bytebuddy\byte-buddy-agent\1.14.10\byte-buddy-agent-1.14.10.jar
Launcher Type: SUN_STANDARD

[Global flags]
     intx CICompilerCount                          = 3                                         {product} {ergonomic}
     uint ConcGCThreads                            = 1                                         {product} {ergonomic}
     uint G1ConcRefinementThreads                  = 4                                         {product} {ergonomic}
   size_t G1HeapRegionSize                         = 2097152                                   {product} {ergonomic}
    uintx GCDrainStackTargetSize                   = 64                                        {product} {ergonomic}
   size_t InitialHeapSize                          = 266338304                                 {product} {ergonomic}
   size_t MarkStackSize                            = 4194304                                   {product} {ergonomic}
   size_t MaxHeapSize                              = 4259315712                                {product} {ergonomic}
   size_t MinHeapDeltaBytes                        = 2097152                                   {product} {ergonomic}
   size_t MinHeapSize                              = 8388608                                   {product} {ergonomic}
    uintx NonNMethodCodeHeapSize                   = 5832780                                {pd product} {ergonomic}
    uintx NonProfiledCodeHeapSize                  = 122912730                              {pd product} {ergonomic}
    uintx ProfiledCodeHeapSize                     = 122912730                              {pd product} {ergonomic}
    uintx ReservedCodeCacheSize                    = 251658240                              {pd product} {ergonomic}
     bool SegmentedCodeCache                       = true                                      {product} {ergonomic}
   size_t SoftMaxHeapSize                          = 4259315712                             {manageable} {ergonomic}
     bool UseCompressedClassPointers               = true                           {product lp64_product} {ergonomic}
     bool UseCompressedOops                        = true                           {product lp64_product} {ergonomic}
     bool UseG1GC                                  = true                                      {product} {ergonomic}
     bool UseLargePagesIndividualAllocation        = false                                  {pd product} {ergonomic}

Logging:
Log output configuration:
 #0: stdout all=warning uptime,level,tags foldmultilines=false
 #1: stderr all=off uptime,level,tags foldmultilines=false

Environment Variables:
JAVA_HOME=D:\Yashesh\openjdk-12+32_windows-x64_bin\jdk-12
PATH=C:\Windows\system32;C:\Windows;C:\Windows\System32\Wbem;C:\Windows\System32\WindowsPowerShell\v1.0\;C:\Windows\System32\OpenSSH\;C:\Program Files\Git\cmd;C:\Program Files\nodejs\;D:\Yashesh\openjdk-12+32_windows-x64_bin\jdk-12\bin;C:\Program Files\Common Files\Oracle\Java\javapath;C:\Program Files\JetBrains\IntelliJ IDEA Community Edition 2022.3.1\plugins\maven\lib\maven3\bin;C:\Program Files\nebula-windows-amd64;;C:\Program Files\Docker\Docker\resources\bin;D:\Yashesh\openjdk-12+32_windows-x64_bin\jdk-12\bin;;C:\Users\DELL\AppData\Local\Programs\Microsoft VS Code\bin
USERNAME=DELL
OS=Windows_NT
PROCESSOR_IDENTIFIER=Intel64 Family 6 Model 142 Stepping 9, GenuineIntel
TMP=C:\Users\DELL\AppData\Local\Temp
TEMP=C:\Users\DELL\AppData\Local\Temp



---------------  S Y S T E M  ---------------

OS:
 Windows 10 , 64 bit Build 19041 (10.0.19041.3570)
OS uptime: 13 days 8:25 hours
Hyper-V role detected

CPU: total 4 (initial active 4) (2 cores per cpu, 2 threads per core) family 6 model 142 stepping 9 microcode 0xc6, cx8, cmov, fxsr, ht, mmx, 3dnowpref, sse, sse2, sse3, ssse3, sse4.1, sse4.2, popcnt, lzcnt, tsc, tscinvbit, avx, avx2, aes, erms, clmul, bmi1, bmi2, adx, fma, vzeroupper, clflush, clflushopt, hv, rdtscp

Memory: 4k page, system-wide physical 16243M (531M free)
TotalPageFile size 34268M (AvailPageFile size 198M)
current process WorkingSet (physical memory assigned to process): 10M, peak: 10M
current process commit charge ("private bytes"): 52M, peak: 306M

vm_info: OpenJDK 64-Bit Server VM (19.0.1+10-21) for windows-amd64 JRE (19.0.1+10-21), built on 2022-09-14T12:45:06Z by "mach5one" with MS VC++ 17.1 (VS2022)

END.
