#
# There is insufficient memory for the Java Runtime Environment to continue.
# Native memory allocation (malloc) failed to allocate 32744 bytes for Chunk::new
# Possible reasons:
#   The system is out of physical RAM or swap space
#   The process is running with CompressedOops enabled, and the Java Heap may be blocking the growth of the native heap
# Possible solutions:
#   Reduce memory load on the system
#   Increase physical memory or swap space
#   Check if swap backing store is full
#   Decrease Java heap size (-Xmx/-Xms)
#   Decrease number of Java threads
#   Decrease Java thread stack sizes (-Xss)
#   Set larger code cache with -XX:ReservedCodeCacheSize=
#   JVM is running with Zero Based Compressed Oops mode in which the Java heap is
#     placed in the first 32GB address space. The Java Heap base address is the
#     maximum limit for the native heap growth. Please use -XX:HeapBaseMinAddress
#     to set the Java Heap base and to place the Java Heap above 32GB virtual address.
# This output file may be truncated or incomplete.
#
#  Out of Memory Error (arena.cpp:184), pid=236612, tid=236720
#
# JRE version: OpenJDK Runtime Environment (19.0.1+10) (build 19.0.1+10-21)
# Java VM: OpenJDK 64-Bit Server VM (19.0.1+10-21, mixed mode, tiered, compressed oops, compressed class ptrs, g1 gc, windows-amd64)
# No core dump will be written. Minidumps are not enabled by default on client versions of Windows
#

---------------  S U M M A R Y ------------

Command Line: -Dnet.bytebuddy.agent.attacher.dump= net.bytebuddy.agent.Attacher com.sun.tools.attach.VirtualMachine 235848 C:\Users\DELL\.m2\repository\net\bytebuddy\byte-buddy-agent\1.14.10\byte-buddy-agent-1.14.10.jar false 

Host: Intel(R) Core(TM) i5-7200U CPU @ 2.50GHz, 4 cores, 15G,  Windows 10 , 64 bit Build 19041 (10.0.19041.3570)
Time: Tue Nov 28 18:19:07 2023 India Standard Time elapsed time: 0.460530 seconds (0d 0h 0m 0s)

---------------  T H R E A D  ---------------

Current thread (0x00000227418329e0):  JavaThread "C1 CompilerThread0" daemon [_thread_in_native, id=236720, stack(0x0000005c3f800000,0x0000005c3f900000)]


Current CompileTask:
C1:    460  383       3       java.lang.invoke.MemberName::checkForTypeAlias (172 bytes)

Stack: [0x0000005c3f800000,0x0000005c3f900000]
Native frames: (J=compiled Java code, j=interpreted, Vv=VM code, C=native code)
V  [jvm.dll+0x6ee8fa]
V  [jvm.dll+0x857a1e]
V  [jvm.dll+0x85940e]
V  [jvm.dll+0x859ac3]
V  [jvm.dll+0x28291f]
V  [jvm.dll+0xc9b5f]
V  [jvm.dll+0xc9ee5]
V  [jvm.dll+0x148c35]
V  [jvm.dll+0x1a704d]
V  [jvm.dll+0x1a7c23]
V  [jvm.dll+0x161743]
V  [jvm.dll+0x161022]
V  [jvm.dll+0x161278]
V  [jvm.dll+0x1606d6]
V  [jvm.dll+0x1623cd]
V  [jvm.dll+0x25b0fa]
V  [jvm.dll+0x259588]
V  [jvm.dll+0x807928]
V  [jvm.dll+0x8015fa]
V  [jvm.dll+0x6ed5eb]
C  [ucrtbase.dll+0x21bb2]
C  [KERNEL32.DLL+0x17344]
C  [ntdll.dll+0x526b1]


---------------  P R O C E S S  ---------------

Threads class SMR info:
_java_thread_list=0x0000022741a36ee0, length=13, elements={
0x0000022718a1a8a0, 0x0000022741856010, 0x00000227418573a0, 0x00000227418648e0,
0x0000022741865210, 0x00000227418662e0, 0x000002274183c460, 0x000002274182c010,
0x00000227418329e0, 0x000002274186a790, 0x00000227419d2f00, 0x00000227419ee020,
0x0000022741c82760
}

Java Threads: ( => current thread )
  0x0000022718a1a8a0 JavaThread "main" [_thread_in_vm, id=236664, stack(0x0000005c3ea00000,0x0000005c3eb00000)]
  0x0000022741856010 JavaThread "Reference Handler" daemon [_thread_blocked, id=236692, stack(0x0000005c3f100000,0x0000005c3f200000)]
  0x00000227418573a0 JavaThread "Finalizer" daemon [_thread_blocked, id=236696, stack(0x0000005c3f200000,0x0000005c3f300000)]
  0x00000227418648e0 JavaThread "Signal Dispatcher" daemon [_thread_blocked, id=236700, stack(0x0000005c3f300000,0x0000005c3f400000)]
  0x0000022741865210 JavaThread "Attach Listener" daemon [_thread_blocked, id=236704, stack(0x0000005c3f400000,0x0000005c3f500000)]
  0x00000227418662e0 JavaThread "Service Thread" daemon [_thread_blocked, id=236708, stack(0x0000005c3f500000,0x0000005c3f600000)]
  0x000002274183c460 JavaThread "Monitor Deflation Thread" daemon [_thread_blocked, id=236712, stack(0x0000005c3f600000,0x0000005c3f700000)]
  0x000002274182c010 JavaThread "C2 CompilerThread0" daemon [_thread_in_native, id=236716, stack(0x0000005c3f700000,0x0000005c3f800000)]
=>0x00000227418329e0 JavaThread "C1 CompilerThread0" daemon [_thread_in_native, id=236720, stack(0x0000005c3f800000,0x0000005c3f900000)]
  0x000002274186a790 JavaThread "Sweeper thread" daemon [_thread_blocked, id=236724, stack(0x0000005c3f900000,0x0000005c3fa00000)]
  0x00000227419d2f00 JavaThread "Notification Thread" daemon [_thread_blocked, id=236728, stack(0x0000005c3fa00000,0x0000005c3fb00000)]
  0x00000227419ee020 JavaThread "Common-Cleaner" daemon [_thread_blocked, id=236736, stack(0x0000005c3fc00000,0x0000005c3fd00000)]
  0x0000022741c82760 JavaThread "C2 CompilerThread1" daemon [_thread_blocked, id=236740, stack(0x0000005c3fd00000,0x0000005c3fe00000)]

Other Threads:
  0x000002273d4214b0 VMThread "VM Thread" [stack: 0x0000005c3f000000,0x0000005c3f100000] [id=236688]
  0x000002274195c200 WatcherThread "VM Periodic Task Thread" [stack: 0x0000005c3fb00000,0x0000005c3fc00000] [id=236732]
  0x0000022718a89110 WorkerThread "GC Thread#0" [stack: 0x0000005c3eb00000,0x0000005c3ec00000] [id=236668]
  0x0000022718a99fe0 ConcurrentGCThread "G1 Main Marker" [stack: 0x0000005c3ec00000,0x0000005c3ed00000] [id=236672]
  0x0000022718a9b1b0 WorkerThread "G1 Conc#0" [stack: 0x0000005c3ed00000,0x0000005c3ee00000] [id=236676]
  0x000002273d2d20c0 ConcurrentGCThread "G1 Refine#0" [stack: 0x0000005c3ee00000,0x0000005c3ef00000] [id=236680]
  0x000002273d2d3c10 ConcurrentGCThread "G1 Service" [stack: 0x0000005c3ef00000,0x0000005c3f000000] [id=236684]

Threads with active compile tasks:
C2 CompilerThread0      489  350       4       java.io.StreamTokenizer::nextToken (1266 bytes)
C1 CompilerThread0      489  383       3       java.lang.invoke.MemberName::checkForTypeAlias (172 bytes)

VM state: not at safepoint (normal execution)

VM Mutex/Monitor currently owned by a thread: None

Heap address: 0x0000000702200000, size: 4062 MB, Compressed Oops mode: Zero based, Oop shift amount: 3

CDS archive(s) not mapped
Compressed class space mapped at: 0x0000000800000000-0x0000000840000000, reserved size: 1073741824
Narrow klass base: 0x0000000800000000, Narrow klass shift: 0, Narrow klass range: 0x40000000

GC Precious Log:
 CardTable entry size: 512
 Card Set container configuration: InlinePtr #cards 4 size 8 Array Of Cards #cards 16 size 48 Howl #buckets 8 coarsen threshold 3686 Howl Bitmap #cards 512 size 80 coarsen threshold 460 Card regions per heap region 1 cards per card region 4096
 CPUs: 4 total, 4 available
 Memory: 16243M
 Large Page Support: Disabled
 NUMA Support: Disabled
 Compressed Oops: Enabled (Zero based)
 Heap Region Size: 2M
 Heap Min Capacity: 8M
 Heap Initial Capacity: 254M
 Heap Max Capacity: 4062M
 Pre-touch: Disabled
 Parallel Workers: 4
 Concurrent Workers: 1
 Concurrent Refinement Workers: 4
 Periodic GC: Disabled

Heap:
 garbage-first heap   total 260096K, used 2048K [0x0000000702200000, 0x0000000800000000)
  region size 2048K, 2 young (4096K), 0 survivors (0K)
 Metaspace       used 7943K, committed 8128K, reserved 1114112K
  class space    used 661K, committed 768K, reserved 1048576K

Heap Regions: E=young(eden), S=young(survivor), O=old, HS=humongous(starts), HC=humongous(continues), CS=collection set, F=free, OA=open archive, CA=closed archive, TAMS=top-at-mark-start (previous, next)
|   0|0x0000000702200000, 0x0000000702200000, 0x0000000702400000|  0%| F|  |TAMS 0x0000000702200000, 0x0000000702200000| Untracked 
|   1|0x0000000702400000, 0x0000000702400000, 0x0000000702600000|  0%| F|  |TAMS 0x0000000702400000, 0x0000000702400000| Untracked 
|   2|0x0000000702600000, 0x0000000702600000, 0x0000000702800000|  0%| F|  |TAMS 0x0000000702600000, 0x0000000702600000| Untracked 
|   3|0x0000000702800000, 0x0000000702800000, 0x0000000702a00000|  0%| F|  |TAMS 0x0000000702800000, 0x0000000702800000| Untracked 
|   4|0x0000000702a00000, 0x0000000702a00000, 0x0000000702c00000|  0%| F|  |TAMS 0x0000000702a00000, 0x0000000702a00000| Untracked 
|   5|0x0000000702c00000, 0x0000000702c00000, 0x0000000702e00000|  0%| F|  |TAMS 0x0000000702c00000, 0x0000000702c00000| Untracked 
|   6|0x0000000702e00000, 0x0000000702e00000, 0x0000000703000000|  0%| F|  |TAMS 0x0000000702e00000, 0x0000000702e00000| Untracked 
|   7|0x0000000703000000, 0x0000000703000000, 0x0000000703200000|  0%| F|  |TAMS 0x0000000703000000, 0x0000000703000000| Untracked 
|   8|0x0000000703200000, 0x0000000703200000, 0x0000000703400000|  0%| F|  |TAMS 0x0000000703200000, 0x0000000703200000| Untracked 
|   9|0x0000000703400000, 0x0000000703400000, 0x0000000703600000|  0%| F|  |TAMS 0x0000000703400000, 0x0000000703400000| Untracked 
|  10|0x0000000703600000, 0x0000000703600000, 0x0000000703800000|  0%| F|  |TAMS 0x0000000703600000, 0x0000000703600000| Untracked 
|  11|0x0000000703800000, 0x0000000703800000, 0x0000000703a00000|  0%| F|  |TAMS 0x0000000703800000, 0x0000000703800000| Untracked 
|  12|0x0000000703a00000, 0x0000000703a00000, 0x0000000703c00000|  0%| F|  |TAMS 0x0000000703a00000, 0x0000000703a00000| Untracked 
|  13|0x0000000703c00000, 0x0000000703c00000, 0x0000000703e00000|  0%| F|  |TAMS 0x0000000703c00000, 0x0000000703c00000| Untracked 
|  14|0x0000000703e00000, 0x0000000703e00000, 0x0000000704000000|  0%| F|  |TAMS 0x0000000703e00000, 0x0000000703e00000| Untracked 
|  15|0x0000000704000000, 0x0000000704000000, 0x0000000704200000|  0%| F|  |TAMS 0x0000000704000000, 0x0000000704000000| Untracked 
|  16|0x0000000704200000, 0x0000000704200000, 0x0000000704400000|  0%| F|  |TAMS 0x0000000704200000, 0x0000000704200000| Untracked 
|  17|0x0000000704400000, 0x0000000704400000, 0x0000000704600000|  0%| F|  |TAMS 0x0000000704400000, 0x0000000704400000| Untracked 
|  18|0x0000000704600000, 0x0000000704600000, 0x0000000704800000|  0%| F|  |TAMS 0x0000000704600000, 0x0000000704600000| Untracked 
|  19|0x0000000704800000, 0x0000000704800000, 0x0000000704a00000|  0%| F|  |TAMS 0x0000000704800000, 0x0000000704800000| Untracked 
|  20|0x0000000704a00000, 0x0000000704a00000, 0x0000000704c00000|  0%| F|  |TAMS 0x0000000704a00000, 0x0000000704a00000| Untracked 
|  21|0x0000000704c00000, 0x0000000704c00000, 0x0000000704e00000|  0%| F|  |TAMS 0x0000000704c00000, 0x0000000704c00000| Untracked 
|  22|0x0000000704e00000, 0x0000000704e00000, 0x0000000705000000|  0%| F|  |TAMS 0x0000000704e00000, 0x0000000704e00000| Untracked 
|  23|0x0000000705000000, 0x0000000705000000, 0x0000000705200000|  0%| F|  |TAMS 0x0000000705000000, 0x0000000705000000| Untracked 
|  24|0x0000000705200000, 0x0000000705200000, 0x0000000705400000|  0%| F|  |TAMS 0x0000000705200000, 0x0000000705200000| Untracked 
|  25|0x0000000705400000, 0x0000000705400000, 0x0000000705600000|  0%| F|  |TAMS 0x0000000705400000, 0x0000000705400000| Untracked 
|  26|0x0000000705600000, 0x0000000705600000, 0x0000000705800000|  0%| F|  |TAMS 0x0000000705600000, 0x0000000705600000| Untracked 
|  27|0x0000000705800000, 0x0000000705800000, 0x0000000705a00000|  0%| F|  |TAMS 0x0000000705800000, 0x0000000705800000| Untracked 
|  28|0x0000000705a00000, 0x0000000705a00000, 0x0000000705c00000|  0%| F|  |TAMS 0x0000000705a00000, 0x0000000705a00000| Untracked 
|  29|0x0000000705c00000, 0x0000000705c00000, 0x0000000705e00000|  0%| F|  |TAMS 0x0000000705c00000, 0x0000000705c00000| Untracked 
|  30|0x0000000705e00000, 0x0000000705e00000, 0x0000000706000000|  0%| F|  |TAMS 0x0000000705e00000, 0x0000000705e00000| Untracked 
|  31|0x0000000706000000, 0x0000000706000000, 0x0000000706200000|  0%| F|  |TAMS 0x0000000706000000, 0x0000000706000000| Untracked 
|  32|0x0000000706200000, 0x0000000706200000, 0x0000000706400000|  0%| F|  |TAMS 0x0000000706200000, 0x0000000706200000| Untracked 
|  33|0x0000000706400000, 0x0000000706400000, 0x0000000706600000|  0%| F|  |TAMS 0x0000000706400000, 0x0000000706400000| Untracked 
|  34|0x0000000706600000, 0x0000000706600000, 0x0000000706800000|  0%| F|  |TAMS 0x0000000706600000, 0x0000000706600000| Untracked 
|  35|0x0000000706800000, 0x0000000706800000, 0x0000000706a00000|  0%| F|  |TAMS 0x0000000706800000, 0x0000000706800000| Untracked 
|  36|0x0000000706a00000, 0x0000000706a00000, 0x0000000706c00000|  0%| F|  |TAMS 0x0000000706a00000, 0x0000000706a00000| Untracked 
|  37|0x0000000706c00000, 0x0000000706c00000, 0x0000000706e00000|  0%| F|  |TAMS 0x0000000706c00000, 0x0000000706c00000| Untracked 
|  38|0x0000000706e00000, 0x0000000706e00000, 0x0000000707000000|  0%| F|  |TAMS 0x0000000706e00000, 0x0000000706e00000| Untracked 
|  39|0x0000000707000000, 0x0000000707000000, 0x0000000707200000|  0%| F|  |TAMS 0x0000000707000000, 0x0000000707000000| Untracked 
|  40|0x0000000707200000, 0x0000000707200000, 0x0000000707400000|  0%| F|  |TAMS 0x0000000707200000, 0x0000000707200000| Untracked 
|  41|0x0000000707400000, 0x0000000707400000, 0x0000000707600000|  0%| F|  |TAMS 0x0000000707400000, 0x0000000707400000| Untracked 
|  42|0x0000000707600000, 0x0000000707600000, 0x0000000707800000|  0%| F|  |TAMS 0x0000000707600000, 0x0000000707600000| Untracked 
|  43|0x0000000707800000, 0x0000000707800000, 0x0000000707a00000|  0%| F|  |TAMS 0x0000000707800000, 0x0000000707800000| Untracked 
|  44|0x0000000707a00000, 0x0000000707a00000, 0x0000000707c00000|  0%| F|  |TAMS 0x0000000707a00000, 0x0000000707a00000| Untracked 
|  45|0x0000000707c00000, 0x0000000707c00000, 0x0000000707e00000|  0%| F|  |TAMS 0x0000000707c00000, 0x0000000707c00000| Untracked 
|  46|0x0000000707e00000, 0x0000000707e00000, 0x0000000708000000|  0%| F|  |TAMS 0x0000000707e00000, 0x0000000707e00000| Untracked 
|  47|0x0000000708000000, 0x0000000708000000, 0x0000000708200000|  0%| F|  |TAMS 0x0000000708000000, 0x0000000708000000| Untracked 
|  48|0x0000000708200000, 0x0000000708200000, 0x0000000708400000|  0%| F|  |TAMS 0x0000000708200000, 0x0000000708200000| Untracked 
|  49|0x0000000708400000, 0x0000000708400000, 0x0000000708600000|  0%| F|  |TAMS 0x0000000708400000, 0x0000000708400000| Untracked 
|  50|0x0000000708600000, 0x0000000708600000, 0x0000000708800000|  0%| F|  |TAMS 0x0000000708600000, 0x0000000708600000| Untracked 
|  51|0x0000000708800000, 0x0000000708800000, 0x0000000708a00000|  0%| F|  |TAMS 0x0000000708800000, 0x0000000708800000| Untracked 
|  52|0x0000000708a00000, 0x0000000708a00000, 0x0000000708c00000|  0%| F|  |TAMS 0x0000000708a00000, 0x0000000708a00000| Untracked 
|  53|0x0000000708c00000, 0x0000000708c00000, 0x0000000708e00000|  0%| F|  |TAMS 0x0000000708c00000, 0x0000000708c00000| Untracked 
|  54|0x0000000708e00000, 0x0000000708e00000, 0x0000000709000000|  0%| F|  |TAMS 0x0000000708e00000, 0x0000000708e00000| Untracked 
|  55|0x0000000709000000, 0x0000000709000000, 0x0000000709200000|  0%| F|  |TAMS 0x0000000709000000, 0x0000000709000000| Untracked 
|  56|0x0000000709200000, 0x0000000709200000, 0x0000000709400000|  0%| F|  |TAMS 0x0000000709200000, 0x0000000709200000| Untracked 
|  57|0x0000000709400000, 0x0000000709400000, 0x0000000709600000|  0%| F|  |TAMS 0x0000000709400000, 0x0000000709400000| Untracked 
|  58|0x0000000709600000, 0x0000000709600000, 0x0000000709800000|  0%| F|  |TAMS 0x0000000709600000, 0x0000000709600000| Untracked 
|  59|0x0000000709800000, 0x0000000709800000, 0x0000000709a00000|  0%| F|  |TAMS 0x0000000709800000, 0x0000000709800000| Untracked 
|  60|0x0000000709a00000, 0x0000000709a00000, 0x0000000709c00000|  0%| F|  |TAMS 0x0000000709a00000, 0x0000000709a00000| Untracked 
|  61|0x0000000709c00000, 0x0000000709c00000, 0x0000000709e00000|  0%| F|  |TAMS 0x0000000709c00000, 0x0000000709c00000| Untracked 
|  62|0x0000000709e00000, 0x0000000709e00000, 0x000000070a000000|  0%| F|  |TAMS 0x0000000709e00000, 0x0000000709e00000| Untracked 
|  63|0x000000070a000000, 0x000000070a000000, 0x000000070a200000|  0%| F|  |TAMS 0x000000070a000000, 0x000000070a000000| Untracked 
|  64|0x000000070a200000, 0x000000070a200000, 0x000000070a400000|  0%| F|  |TAMS 0x000000070a200000, 0x000000070a200000| Untracked 
|  65|0x000000070a400000, 0x000000070a400000, 0x000000070a600000|  0%| F|  |TAMS 0x000000070a400000, 0x000000070a400000| Untracked 
|  66|0x000000070a600000, 0x000000070a600000, 0x000000070a800000|  0%| F|  |TAMS 0x000000070a600000, 0x000000070a600000| Untracked 
|  67|0x000000070a800000, 0x000000070a800000, 0x000000070aa00000|  0%| F|  |TAMS 0x000000070a800000, 0x000000070a800000| Untracked 
|  68|0x000000070aa00000, 0x000000070aa00000, 0x000000070ac00000|  0%| F|  |TAMS 0x000000070aa00000, 0x000000070aa00000| Untracked 
|  69|0x000000070ac00000, 0x000000070ac00000, 0x000000070ae00000|  0%| F|  |TAMS 0x000000070ac00000, 0x000000070ac00000| Untracked 
|  70|0x000000070ae00000, 0x000000070ae00000, 0x000000070b000000|  0%| F|  |TAMS 0x000000070ae00000, 0x000000070ae00000| Untracked 
|  71|0x000000070b000000, 0x000000070b000000, 0x000000070b200000|  0%| F|  |TAMS 0x000000070b000000, 0x000000070b000000| Untracked 
|  72|0x000000070b200000, 0x000000070b200000, 0x000000070b400000|  0%| F|  |TAMS 0x000000070b200000, 0x000000070b200000| Untracked 
|  73|0x000000070b400000, 0x000000070b400000, 0x000000070b600000|  0%| F|  |TAMS 0x000000070b400000, 0x000000070b400000| Untracked 
|  74|0x000000070b600000, 0x000000070b600000, 0x000000070b800000|  0%| F|  |TAMS 0x000000070b600000, 0x000000070b600000| Untracked 
|  75|0x000000070b800000, 0x000000070b800000, 0x000000070ba00000|  0%| F|  |TAMS 0x000000070b800000, 0x000000070b800000| Untracked 
|  76|0x000000070ba00000, 0x000000070ba00000, 0x000000070bc00000|  0%| F|  |TAMS 0x000000070ba00000, 0x000000070ba00000| Untracked 
|  77|0x000000070bc00000, 0x000000070bc00000, 0x000000070be00000|  0%| F|  |TAMS 0x000000070bc00000, 0x000000070bc00000| Untracked 
|  78|0x000000070be00000, 0x000000070be00000, 0x000000070c000000|  0%| F|  |TAMS 0x000000070be00000, 0x000000070be00000| Untracked 
|  79|0x000000070c000000, 0x000000070c000000, 0x000000070c200000|  0%| F|  |TAMS 0x000000070c000000, 0x000000070c000000| Untracked 
|  80|0x000000070c200000, 0x000000070c200000, 0x000000070c400000|  0%| F|  |TAMS 0x000000070c200000, 0x000000070c200000| Untracked 
|  81|0x000000070c400000, 0x000000070c400000, 0x000000070c600000|  0%| F|  |TAMS 0x000000070c400000, 0x000000070c400000| Untracked 
|  82|0x000000070c600000, 0x000000070c600000, 0x000000070c800000|  0%| F|  |TAMS 0x000000070c600000, 0x000000070c600000| Untracked 
|  83|0x000000070c800000, 0x000000070c800000, 0x000000070ca00000|  0%| F|  |TAMS 0x000000070c800000, 0x000000070c800000| Untracked 
|  84|0x000000070ca00000, 0x000000070ca00000, 0x000000070cc00000|  0%| F|  |TAMS 0x000000070ca00000, 0x000000070ca00000| Untracked 
|  85|0x000000070cc00000, 0x000000070cc00000, 0x000000070ce00000|  0%| F|  |TAMS 0x000000070cc00000, 0x000000070cc00000| Untracked 
|  86|0x000000070ce00000, 0x000000070ce00000, 0x000000070d000000|  0%| F|  |TAMS 0x000000070ce00000, 0x000000070ce00000| Untracked 
|  87|0x000000070d000000, 0x000000070d000000, 0x000000070d200000|  0%| F|  |TAMS 0x000000070d000000, 0x000000070d000000| Untracked 
|  88|0x000000070d200000, 0x000000070d200000, 0x000000070d400000|  0%| F|  |TAMS 0x000000070d200000, 0x000000070d200000| Untracked 
|  89|0x000000070d400000, 0x000000070d400000, 0x000000070d600000|  0%| F|  |TAMS 0x000000070d400000, 0x000000070d400000| Untracked 
|  90|0x000000070d600000, 0x000000070d600000, 0x000000070d800000|  0%| F|  |TAMS 0x000000070d600000, 0x000000070d600000| Untracked 
|  91|0x000000070d800000, 0x000000070d800000, 0x000000070da00000|  0%| F|  |TAMS 0x000000070d800000, 0x000000070d800000| Untracked 
|  92|0x000000070da00000, 0x000000070da00000, 0x000000070dc00000|  0%| F|  |TAMS 0x000000070da00000, 0x000000070da00000| Untracked 
|  93|0x000000070dc00000, 0x000000070dc00000, 0x000000070de00000|  0%| F|  |TAMS 0x000000070dc00000, 0x000000070dc00000| Untracked 
|  94|0x000000070de00000, 0x000000070de00000, 0x000000070e000000|  0%| F|  |TAMS 0x000000070de00000, 0x000000070de00000| Untracked 
|  95|0x000000070e000000, 0x000000070e000000, 0x000000070e200000|  0%| F|  |TAMS 0x000000070e000000, 0x000000070e000000| Untracked 
|  96|0x000000070e200000, 0x000000070e200000, 0x000000070e400000|  0%| F|  |TAMS 0x000000070e200000, 0x000000070e200000| Untracked 
|  97|0x000000070e400000, 0x000000070e400000, 0x000000070e600000|  0%| F|  |TAMS 0x000000070e400000, 0x000000070e400000| Untracked 
|  98|0x000000070e600000, 0x000000070e600000, 0x000000070e800000|  0%| F|  |TAMS 0x000000070e600000, 0x000000070e600000| Untracked 
|  99|0x000000070e800000, 0x000000070e800000, 0x000000070ea00000|  0%| F|  |TAMS 0x000000070e800000, 0x000000070e800000| Untracked 
| 100|0x000000070ea00000, 0x000000070ea00000, 0x000000070ec00000|  0%| F|  |TAMS 0x000000070ea00000, 0x000000070ea00000| Untracked 
| 101|0x000000070ec00000, 0x000000070ec00000, 0x000000070ee00000|  0%| F|  |TAMS 0x000000070ec00000, 0x000000070ec00000| Untracked 
| 102|0x000000070ee00000, 0x000000070ee00000, 0x000000070f000000|  0%| F|  |TAMS 0x000000070ee00000, 0x000000070ee00000| Untracked 
| 103|0x000000070f000000, 0x000000070f000000, 0x000000070f200000|  0%| F|  |TAMS 0x000000070f000000, 0x000000070f000000| Untracked 
| 104|0x000000070f200000, 0x000000070f200000, 0x000000070f400000|  0%| F|  |TAMS 0x000000070f200000, 0x000000070f200000| Untracked 
| 105|0x000000070f400000, 0x000000070f400000, 0x000000070f600000|  0%| F|  |TAMS 0x000000070f400000, 0x000000070f400000| Untracked 
| 106|0x000000070f600000, 0x000000070f600000, 0x000000070f800000|  0%| F|  |TAMS 0x000000070f600000, 0x000000070f600000| Untracked 
| 107|0x000000070f800000, 0x000000070f800000, 0x000000070fa00000|  0%| F|  |TAMS 0x000000070f800000, 0x000000070f800000| Untracked 
| 108|0x000000070fa00000, 0x000000070fa00000, 0x000000070fc00000|  0%| F|  |TAMS 0x000000070fa00000, 0x000000070fa00000| Untracked 
| 109|0x000000070fc00000, 0x000000070fc00000, 0x000000070fe00000|  0%| F|  |TAMS 0x000000070fc00000, 0x000000070fc00000| Untracked 
| 110|0x000000070fe00000, 0x000000070fe00000, 0x0000000710000000|  0%| F|  |TAMS 0x000000070fe00000, 0x000000070fe00000| Untracked 
| 111|0x0000000710000000, 0x0000000710000000, 0x0000000710200000|  0%| F|  |TAMS 0x0000000710000000, 0x0000000710000000| Untracked 
| 112|0x0000000710200000, 0x0000000710200000, 0x0000000710400000|  0%| F|  |TAMS 0x0000000710200000, 0x0000000710200000| Untracked 
| 113|0x0000000710400000, 0x0000000710400000, 0x0000000710600000|  0%| F|  |TAMS 0x0000000710400000, 0x0000000710400000| Untracked 
| 114|0x0000000710600000, 0x0000000710600000, 0x0000000710800000|  0%| F|  |TAMS 0x0000000710600000, 0x0000000710600000| Untracked 
| 115|0x0000000710800000, 0x0000000710800000, 0x0000000710a00000|  0%| F|  |TAMS 0x0000000710800000, 0x0000000710800000| Untracked 
| 116|0x0000000710a00000, 0x0000000710a00000, 0x0000000710c00000|  0%| F|  |TAMS 0x0000000710a00000, 0x0000000710a00000| Untracked 
| 117|0x0000000710c00000, 0x0000000710c00000, 0x0000000710e00000|  0%| F|  |TAMS 0x0000000710c00000, 0x0000000710c00000| Untracked 
| 118|0x0000000710e00000, 0x0000000710e00000, 0x0000000711000000|  0%| F|  |TAMS 0x0000000710e00000, 0x0000000710e00000| Untracked 
| 119|0x0000000711000000, 0x0000000711000000, 0x0000000711200000|  0%| F|  |TAMS 0x0000000711000000, 0x0000000711000000| Untracked 
| 120|0x0000000711200000, 0x0000000711200000, 0x0000000711400000|  0%| F|  |TAMS 0x0000000711200000, 0x0000000711200000| Untracked 
| 121|0x0000000711400000, 0x0000000711400000, 0x0000000711600000|  0%| F|  |TAMS 0x0000000711400000, 0x0000000711400000| Untracked 
| 122|0x0000000711600000, 0x0000000711600000, 0x0000000711800000|  0%| F|  |TAMS 0x0000000711600000, 0x0000000711600000| Untracked 
| 123|0x0000000711800000, 0x0000000711800000, 0x0000000711a00000|  0%| F|  |TAMS 0x0000000711800000, 0x0000000711800000| Untracked 
| 124|0x0000000711a00000, 0x0000000711a00000, 0x0000000711c00000|  0%| F|  |TAMS 0x0000000711a00000, 0x0000000711a00000| Untracked 
| 125|0x0000000711c00000, 0x0000000711d04470, 0x0000000711e00000| 50%| E|  |TAMS 0x0000000711c00000, 0x0000000711c00000| Complete 
| 126|0x0000000711e00000, 0x0000000712000000, 0x0000000712000000|100%| E|CS|TAMS 0x0000000711e00000, 0x0000000711e00000| Complete 

Card table byte_map: [0x0000022731f80000,0x0000022732770000] _byte_map_base: 0x000002272e76f000

Marking Bits (Prev, Next): (CMBitMap*) 0x0000022718a89740, (CMBitMap*) 0x0000022718a89780
 Prev Bits: [0x0000022732f60000, 0x0000022736ed8000)
 Next Bits: [0x0000022736ee0000, 0x000002273ae58000)

Polling page: 0x0000022718870000

Metaspace:

Usage:
  Non-class:      7.11 MB used.
      Class:    661.41 KB used.
       Both:      7.76 MB used.

Virtual space:
  Non-class space:       64.00 MB reserved,       7.19 MB ( 11%) committed,  1 nodes.
      Class space:        1.00 GB reserved,     768.00 KB ( <1%) committed,  1 nodes.
             Both:        1.06 GB reserved,       7.94 MB ( <1%) committed. 

Chunk freelists:
   Non-Class:  857.00 KB
       Class:  3.19 MB
        Both:  4.02 MB

MaxMetaspaceSize: unlimited
CompressedClassSpaceSize: 1.00 GB
Initial GC threshold: 21.00 MB
Current GC threshold: 21.00 MB
CDS: off
MetaspaceReclaimPolicy: balanced
 - commit_granule_bytes: 65536.
 - commit_granule_words: 8192.
 - virtual_space_node_default_size: 8388608.
 - enlarge_chunks_in_place: 1.
 - new_chunks_are_fully_committed: 0.
 - uncommit_free_chunks: 1.
 - use_allocation_guard: 0.


Internal statistics:

num_allocs_failed_limit: 0.
num_arena_births: 78.
num_arena_deaths: 0.
num_vsnodes_births: 2.
num_vsnodes_deaths: 0.
num_space_committed: 127.
num_space_uncommitted: 0.
num_chunks_returned_to_freelist: 0.
num_chunks_taken_from_freelist: 107.
num_chunk_merges: 0.
num_chunk_splits: 69.
num_chunks_enlarged: 43.
num_inconsistent_stats: 0.

CodeHeap 'non-profiled nmethods': size=120000Kb used=123Kb max_used=123Kb free=119876Kb
 bounds [0x0000022729c40000, 0x0000022729eb0000, 0x0000022731170000]
CodeHeap 'profiled nmethods': size=120000Kb used=472Kb max_used=472Kb free=119527Kb
 bounds [0x0000022722170000, 0x00000227223e0000, 0x00000227296a0000]
CodeHeap 'non-nmethods': size=5760Kb used=1220Kb max_used=1235Kb free=4539Kb
 bounds [0x00000227296a0000, 0x0000022729910000, 0x0000022729c40000]
 total_blobs=803 nmethods=381 adapters=333
 compilation: enabled
              stopped_count=0, restarted_count=0
 full_count=0

Compilation events (20 events):
Event: 0.452 Thread 0x0000022741c82760 nmethod 365 0x0000022729c5ce90 code [0x0000022729c5d000, 0x0000022729c5d158]
Event: 0.453 Thread 0x00000227418329e0 nmethod 368 0x00000227221df310 code [0x00000227221df600, 0x00000227221e0528]
Event: 0.453 Thread 0x00000227418329e0  373       3       jdk.internal.org.objectweb.asm.SymbolTable::addType (81 bytes)
Event: 0.454 Thread 0x00000227418329e0 nmethod 373 0x00000227221e0a90 code [0x00000227221e0ca0, 0x00000227221e11f8]
Event: 0.454 Thread 0x00000227418329e0  370       3       java.lang.invoke.MethodType::makeImpl (109 bytes)
Event: 0.455 Thread 0x00000227418329e0 nmethod 370 0x00000227221e1490 code [0x00000227221e1740, 0x00000227221e2558]
Event: 0.455 Thread 0x00000227418329e0  377       3       jdk.internal.org.objectweb.asm.MethodWriter::visitVarInsn (302 bytes)
Event: 0.456 Thread 0x00000227418329e0 nmethod 377 0x00000227221e2990 code [0x00000227221e2be0, 0x00000227221e3588]
Event: 0.456 Thread 0x00000227418329e0  371       3       java.lang.invoke.MemberName::isStatic (8 bytes)
Event: 0.456 Thread 0x00000227418329e0 nmethod 371 0x00000227221e3810 code [0x00000227221e39c0, 0x00000227221e3b98]
Event: 0.456 Thread 0x00000227418329e0  372       3       java.lang.AbstractStringBuilder::newCapacity (59 bytes)
Event: 0.456 Thread 0x00000227418329e0 nmethod 372 0x00000227221e3c90 code [0x00000227221e3e60, 0x00000227221e4258]
Event: 0.456 Thread 0x00000227418329e0  379   !   3       java.lang.invoke.MemberName::getMethodType (211 bytes)
Event: 0.457 Thread 0x0000022741c82760  382       4       jdk.internal.org.objectweb.asm.ByteVector::putUTF8 (144 bytes)
Event: 0.457 Thread 0x00000227418329e0 nmethod 379 0x00000227221e4410 code [0x00000227221e46e0, 0x00000227221e5c18]
Event: 0.458 Thread 0x00000227418329e0  378       1       jdk.internal.org.objectweb.asm.SymbolTable::getMajorVersion (5 bytes)
Event: 0.458 Thread 0x00000227418329e0 nmethod 378 0x0000022729c5e110 code [0x0000022729c5e2a0, 0x0000022729c5e358]
Event: 0.458 Thread 0x00000227418329e0  375       1       java.lang.invoke.MethodTypeForm::basicType (5 bytes)
Event: 0.458 Thread 0x00000227418329e0 nmethod 375 0x0000022729c5e410 code [0x0000022729c5e5a0, 0x0000022729c5e678]
Event: 0.458 Thread 0x00000227418329e0  383       3       java.lang.invoke.MemberName::checkForTypeAlias (172 bytes)

GC Heap History (0 events):
No events

Dll operation events (8 events):
Event: 0.013 Loaded shared library C:\Users\DELL\.jdks\openjdk-19.0.1\bin\java.dll
Event: 0.110 Loaded shared library C:\Users\DELL\.jdks\openjdk-19.0.1\bin\jsvml.dll
Event: 0.275 Loaded shared library C:\Users\DELL\.jdks\openjdk-19.0.1\bin\net.dll
Event: 0.277 Loaded shared library C:\Users\DELL\.jdks\openjdk-19.0.1\bin\nio.dll
Event: 0.287 Loaded shared library C:\Users\DELL\.jdks\openjdk-19.0.1\bin\zip.dll
Event: 0.294 Loaded shared library C:\Users\DELL\.jdks\openjdk-19.0.1\bin\verify.dll
Event: 0.299 Loaded shared library C:\Users\DELL\.jdks\openjdk-19.0.1\bin\jimage.dll
Event: 0.341 Loaded shared library C:\Users\DELL\.jdks\openjdk-19.0.1\bin\attach.dll

Deoptimization events (0 events):
No events

Classes loaded (20 events):
Event: 0.448 Loading class java/util/concurrent/atomic/LongAdder
Event: 0.448 Loading class java/util/concurrent/atomic/Striped64
Event: 0.448 Loading class java/util/concurrent/atomic/Striped64 done
Event: 0.448 Loading class java/util/concurrent/atomic/LongAdder done
Event: 0.449 Loading class java/lang/invoke/VarHandleLongs$FieldInstanceReadWrite
Event: 0.449 Loading class java/lang/invoke/VarHandleLongs$FieldInstanceReadOnly
Event: 0.449 Loading class java/lang/invoke/VarHandleLongs$FieldInstanceReadOnly done
Event: 0.449 Loading class java/lang/invoke/VarHandleLongs$FieldInstanceReadWrite done
Event: 0.449 Loading class java/lang/invoke/VarHandleInts$FieldInstanceReadWrite
Event: 0.450 Loading class java/lang/invoke/VarHandleInts$FieldInstanceReadOnly
Event: 0.450 Loading class java/lang/invoke/VarHandleInts$FieldInstanceReadOnly done
Event: 0.450 Loading class java/lang/invoke/VarHandleInts$FieldInstanceReadWrite done
Event: 0.450 Loading class java/util/concurrent/atomic/Striped64$1
Event: 0.450 Loading class java/util/concurrent/atomic/Striped64$1 done
Event: 0.455 Loading class java/lang/invoke/LambdaFormEditor$1
Event: 0.455 Loading class java/lang/invoke/LambdaFormEditor$1 done
Event: 0.455 Loading class java/util/TreeMap$EntrySet
Event: 0.455 Loading class java/util/TreeMap$EntrySet done
Event: 0.455 Loading class java/util/TreeMap$EntryIterator
Event: 0.455 Loading class java/util/TreeMap$EntryIterator done

Classes unloaded (0 events):
No events

Classes redefined (0 events):
No events

Internal exceptions (11 events):
Event: 0.390 Thread 0x0000022718a1a8a0 Exception <a 'java/lang/NoSuchMethodError'{0x0000000711c33c48}: 'java.lang.Object java.lang.invoke.DirectMethodHandle$Holder.newInvokeSpecial(java.lang.Object, java.lang.Object, int)'> (0x0000000711c33c48) 
thrown [s\open\src\hotspot\share\interpreter\linkResolver.cpp, line 774]
Event: 0.391 Thread 0x0000022718a1a8a0 Exception <a 'java/lang/NoSuchMethodError'{0x0000000711c38958}: 'int java.lang.invoke.DirectMethodHandle$Holder.invokeSpecial(java.lang.Object, java.lang.Object, java.lang.Object, int)'> (0x0000000711c38958) 
thrown [s\open\src\hotspot\share\interpreter\linkResolver.cpp, line 774]
Event: 0.394 Thread 0x0000022718a1a8a0 Exception <a 'java/lang/NoSuchMethodError'{0x0000000711c4b520}: 'java.lang.Object java.lang.invoke.DirectMethodHandle$Holder.invokeStatic(java.lang.Object, java.lang.Object, java.lang.Object, java.lang.Object, int)'> (0x0000000711c4b520) 
thrown [s\open\src\hotspot\share\interpreter\linkResolver.cpp, line 774]
Event: 0.396 Thread 0x0000022718a1a8a0 Exception <a 'java/lang/NoSuchMethodError'{0x0000000711c543a0}: 'int java.lang.invoke.DirectMethodHandle$Holder.invokeSpecial(java.lang.Object, java.lang.Object, java.lang.Object)'> (0x0000000711c543a0) 
thrown [s\open\src\hotspot\share\interpreter\linkResolver.cpp, line 774]
Event: 0.430 Thread 0x0000022718a1a8a0 Exception <a 'java/lang/NoSuchMethodError'{0x0000000711ca1d58}: 'java.lang.Object java.lang.invoke.DirectMethodHandle$Holder.invokeStaticInit(java.lang.Object)'> (0x0000000711ca1d58) 
thrown [s\open\src\hotspot\share\interpreter\linkResolver.cpp, line 774]
Event: 0.437 Thread 0x0000022718a1a8a0 Exception <a 'java/lang/NoSuchMethodError'{0x0000000711cab748}: 'java.lang.Object java.lang.invoke.DirectMethodHandle$Holder.invokeStatic(java.lang.Object, long, java.lang.Object)'> (0x0000000711cab748) 
thrown [s\open\src\hotspot\share\interpreter\linkResolver.cpp, line 774]
Event: 0.438 Thread 0x0000022718a1a8a0 Exception <a 'java/lang/NoSuchMethodError'{0x0000000711caeec8}: 'java.lang.Object java.lang.invoke.DirectMethodHandle$Holder.invokeStaticInit(java.lang.Object, long, java.lang.Object)'> (0x0000000711caeec8) 
thrown [s\open\src\hotspot\share\interpreter\linkResolver.cpp, line 774]
Event: 0.439 Thread 0x0000022718a1a8a0 Exception <a 'java/lang/NoSuchMethodError'{0x0000000711cb4ce0}: 'java.lang.Object java.lang.invoke.DirectMethodHandle$Holder.newInvokeSpecial(java.lang.Object, long)'> (0x0000000711cb4ce0) 
thrown [s\open\src\hotspot\share\interpreter\linkResolver.cpp, line 774]
Event: 0.453 Thread 0x0000022718a1a8a0 Exception <a 'java/lang/NoSuchMethodError'{0x0000000711cbd488}: 'void java.lang.invoke.DirectMethodHandle$Holder.invokeVirtual(java.lang.Object, java.lang.Object, java.lang.Object, java.lang.Object)'> (0x0000000711cbd488) 
thrown [s\open\src\hotspot\share\interpreter\linkResolver.cpp, line 774]
Event: 0.453 Thread 0x0000022718a1a8a0 Exception <a 'java/lang/NoSuchMethodError'{0x0000000711cc14e8}: 'void java.lang.invoke.DirectMethodHandle$Holder.invokeSpecial(java.lang.Object, java.lang.Object, java.lang.Object, java.lang.Object, java.lang.Object)'> (0x0000000711cc14e8) 
thrown [s\open\src\hotspot\share\interpreter\linkResolver.cpp, line 774]
Event: 0.457 Thread 0x0000022718a1a8a0 Exception <a 'java/lang/NoSuchMethodError'{0x0000000711cd0e48}: 'java.lang.Object java.lang.invoke.Invokers$Holder.invokeExact_MT(java.lang.Object, java.lang.Object, java.lang.Object, java.lang.Object, java.lang.Object)'> (0x0000000711cd0e48) 
thrown [s\open\src\hotspot\share\interpreter\linkResolver.cpp, line 774]

VM Operations (2 events):
Event: 0.288 Executing VM operation: HandshakeAllThreads
Event: 0.288 Executing VM operation: HandshakeAllThreads done

Events (13 events):
Event: 0.111 Thread 0x0000022718a1a8a0 Thread added: 0x0000022718a1a8a0
Event: 0.184 Thread 0x0000022741856010 Thread added: 0x0000022741856010
Event: 0.185 Thread 0x00000227418573a0 Thread added: 0x00000227418573a0
Event: 0.187 Thread 0x00000227418648e0 Thread added: 0x00000227418648e0
Event: 0.187 Thread 0x0000022741865210 Thread added: 0x0000022741865210
Event: 0.187 Thread 0x00000227418662e0 Thread added: 0x00000227418662e0
Event: 0.187 Thread 0x000002274183c460 Thread added: 0x000002274183c460
Event: 0.187 Thread 0x000002274182c010 Thread added: 0x000002274182c010
Event: 0.188 Thread 0x00000227418329e0 Thread added: 0x00000227418329e0
Event: 0.188 Thread 0x000002274186a790 Thread added: 0x000002274186a790
Event: 0.250 Thread 0x00000227419d2f00 Thread added: 0x00000227419d2f00
Event: 0.264 Thread 0x00000227419ee020 Thread added: 0x00000227419ee020
Event: 0.422 Thread 0x0000022741c82760 Thread added: 0x0000022741c82760


Dynamic libraries:
0x00007ff715dc0000 - 0x00007ff715dce000 	C:\Users\DELL\.jdks\openjdk-19.0.1\bin\java.exe
0x00007ffc1ce70000 - 0x00007ffc1d067000 	C:\Windows\SYSTEM32\ntdll.dll
0x00007ffc1c7d0000 - 0x00007ffc1c88d000 	C:\Windows\System32\KERNEL32.DLL
0x00007ffc1abd0000 - 0x00007ffc1aec6000 	C:\Windows\System32\KERNELBASE.dll
0x00007ffc1a830000 - 0x00007ffc1a930000 	C:\Windows\System32\ucrtbase.dll
0x00007ffbff490000 - 0x00007ffbff4ab000 	C:\Users\DELL\.jdks\openjdk-19.0.1\bin\VCRUNTIME140.dll
0x00007ffc01860000 - 0x00007ffc01877000 	C:\Users\DELL\.jdks\openjdk-19.0.1\bin\jli.dll
0x00007ffc1c9f0000 - 0x00007ffc1cb8e000 	C:\Windows\System32\USER32.dll
0x00007ffc1aa50000 - 0x00007ffc1aa72000 	C:\Windows\System32\win32u.dll
0x00007ffc1b550000 - 0x00007ffc1b57c000 	C:\Windows\System32\GDI32.dll
0x00007ffc1a930000 - 0x00007ffc1aa4a000 	C:\Windows\System32\gdi32full.dll
0x00007ffc1ab30000 - 0x00007ffc1abcd000 	C:\Windows\System32\msvcp_win.dll
0x00007ffc06470000 - 0x00007ffc0670a000 	C:\Windows\WinSxS\amd64_microsoft.windows.common-controls_6595b64144ccf1df_6.0.19041.3570_none_60bb2a3971f3e41a\COMCTL32.dll
0x00007ffc1cb90000 - 0x00007ffc1cc2e000 	C:\Windows\System32\msvcrt.dll
0x00007ffc1aed0000 - 0x00007ffc1af00000 	C:\Windows\System32\IMM32.DLL
0x00007ffc15280000 - 0x00007ffc1528c000 	C:\Users\DELL\.jdks\openjdk-19.0.1\bin\vcruntime140_1.dll
0x00007ffbef210000 - 0x00007ffbef29e000 	C:\Users\DELL\.jdks\openjdk-19.0.1\bin\msvcp140.dll
0x00007ffbbbb70000 - 0x00007ffbbc830000 	C:\Users\DELL\.jdks\openjdk-19.0.1\bin\server\jvm.dll
0x00007ffc1ba00000 - 0x00007ffc1baae000 	C:\Windows\System32\ADVAPI32.dll
0x00007ffc1bc50000 - 0x00007ffc1bcec000 	C:\Windows\System32\sechost.dll
0x00007ffc1b600000 - 0x00007ffc1b726000 	C:\Windows\System32\RPCRT4.dll
0x00007ffbf53e0000 - 0x00007ffbf5407000 	C:\Windows\SYSTEM32\WINMM.dll
0x00007ffbffe20000 - 0x00007ffbffe29000 	C:\Windows\SYSTEM32\WSOCK32.dll
0x00007ffc1b010000 - 0x00007ffc1b07b000 	C:\Windows\System32\WS2_32.dll
0x00007ffc11e20000 - 0x00007ffc11e2a000 	C:\Windows\SYSTEM32\VERSION.dll
0x00007ffc18d40000 - 0x00007ffc18d52000 	C:\Windows\SYSTEM32\kernel.appcore.dll
0x00007ffc14330000 - 0x00007ffc1433a000 	C:\Users\DELL\.jdks\openjdk-19.0.1\bin\jimage.dll
0x00007ffc18b30000 - 0x00007ffc18d14000 	C:\Windows\SYSTEM32\DBGHELP.DLL
0x00007ffc016d0000 - 0x00007ffc01704000 	C:\Windows\SYSTEM32\dbgcore.DLL
0x00007ffc1a550000 - 0x00007ffc1a5d2000 	C:\Windows\System32\bcryptPrimitives.dll
0x00007ffbfe510000 - 0x00007ffbfe536000 	C:\Users\DELL\.jdks\openjdk-19.0.1\bin\java.dll
0x00007ffbebf60000 - 0x00007ffbec037000 	C:\Users\DELL\.jdks\openjdk-19.0.1\bin\jsvml.dll
0x00007ffc1bd00000 - 0x00007ffc1c444000 	C:\Windows\System32\SHELL32.dll
0x00007ffc182c0000 - 0x00007ffc18a5b000 	C:\Windows\SYSTEM32\windows.storage.dll
0x00007ffc1c450000 - 0x00007ffc1c7a4000 	C:\Windows\System32\combase.dll
0x00007ffc19eb0000 - 0x00007ffc19edd000 	C:\Windows\SYSTEM32\Wldp.dll
0x00007ffc1bb10000 - 0x00007ffc1bbbd000 	C:\Windows\System32\SHCORE.dll
0x00007ffc1bab0000 - 0x00007ffc1bb05000 	C:\Windows\System32\shlwapi.dll
0x00007ffc1a480000 - 0x00007ffc1a4a5000 	C:\Windows\SYSTEM32\profapi.dll
0x00007ffbff470000 - 0x00007ffbff483000 	C:\Users\DELL\.jdks\openjdk-19.0.1\bin\net.dll
0x00007ffc17b00000 - 0x00007ffc17c0a000 	C:\Windows\SYSTEM32\WINHTTP.dll
0x00007ffc19c90000 - 0x00007ffc19cfa000 	C:\Windows\system32\mswsock.dll
0x00007ffbfe4a0000 - 0x00007ffbfe4b6000 	C:\Users\DELL\.jdks\openjdk-19.0.1\bin\nio.dll
0x00007ffbfe430000 - 0x00007ffbfe448000 	C:\Users\DELL\.jdks\openjdk-19.0.1\bin\zip.dll
0x00007ffc0b560000 - 0x00007ffc0b570000 	C:\Users\DELL\.jdks\openjdk-19.0.1\bin\verify.dll
0x00007ffbf9390000 - 0x00007ffbf9399000 	C:\Users\DELL\.jdks\openjdk-19.0.1\bin\attach.dll
0x00007ffc1bcf0000 - 0x00007ffc1bcf8000 	C:\Windows\System32\PSAPI.DLL

dbghelp: loaded successfully - version: 4.0.5 - missing functions: none
symbol engine: initialized successfully - sym options: 0x614 - pdb path: .;C:\Users\DELL\.jdks\openjdk-19.0.1\bin;C:\Windows\SYSTEM32;C:\Windows\WinSxS\amd64_microsoft.windows.common-controls_6595b64144ccf1df_6.0.19041.3570_none_60bb2a3971f3e41a;C:\Users\DELL\.jdks\openjdk-19.0.1\bin\server

VM Arguments:
jvm_args: -Dnet.bytebuddy.agent.attacher.dump= 
java_command: net.bytebuddy.agent.Attacher com.sun.tools.attach.VirtualMachine 235848 C:\Users\DELL\.m2\repository\net\bytebuddy\byte-buddy-agent\1.14.10\byte-buddy-agent-1.14.10.jar false 
java_class_path (initial): C:\Users\DELL\.m2\repository\net\bytebuddy\byte-buddy-agent\1.14.10\byte-buddy-agent-1.14.10.jar
Launcher Type: SUN_STANDARD

[Global flags]
     intx CICompilerCount                          = 3                                         {product} {ergonomic}
     uint ConcGCThreads                            = 1                                         {product} {ergonomic}
     uint G1ConcRefinementThreads                  = 4                                         {product} {ergonomic}
   size_t G1HeapRegionSize                         = 2097152                                   {product} {ergonomic}
    uintx GCDrainStackTargetSize                   = 64                                        {product} {ergonomic}
   size_t InitialHeapSize                          = 266338304                                 {product} {ergonomic}
   size_t MarkStackSize                            = 4194304                                   {product} {ergonomic}
   size_t MaxHeapSize                              = 4259315712                                {product} {ergonomic}
   size_t MaxNewSize                               = 2554331136                                {product} {ergonomic}
   size_t MinHeapDeltaBytes                        = 2097152                                   {product} {ergonomic}
   size_t MinHeapSize                              = 8388608                                   {product} {ergonomic}
    uintx NonNMethodCodeHeapSize                   = 5832780                                {pd product} {ergonomic}
    uintx NonProfiledCodeHeapSize                  = 122912730                              {pd product} {ergonomic}
    uintx ProfiledCodeHeapSize                     = 122912730                              {pd product} {ergonomic}
    uintx ReservedCodeCacheSize                    = 251658240                              {pd product} {ergonomic}
     bool SegmentedCodeCache                       = true                                      {product} {ergonomic}
   size_t SoftMaxHeapSize                          = 4259315712                             {manageable} {ergonomic}
     bool UseCompressedClassPointers               = true                           {product lp64_product} {ergonomic}
     bool UseCompressedOops                        = true                           {product lp64_product} {ergonomic}
     bool UseG1GC                                  = true                                      {product} {ergonomic}
     bool UseLargePagesIndividualAllocation        = false                                  {pd product} {ergonomic}

Logging:
Log output configuration:
 #0: stdout all=warning uptime,level,tags foldmultilines=false
 #1: stderr all=off uptime,level,tags foldmultilines=false

Environment Variables:
JAVA_HOME=D:\Yashesh\openjdk-12+32_windows-x64_bin\jdk-12
PATH=C:\Windows\system32;C:\Windows;C:\Windows\System32\Wbem;C:\Windows\System32\WindowsPowerShell\v1.0\;C:\Windows\System32\OpenSSH\;C:\Program Files\Git\cmd;C:\Program Files\nodejs\;D:\Yashesh\openjdk-12+32_windows-x64_bin\jdk-12\bin;C:\Program Files\Common Files\Oracle\Java\javapath;C:\Program Files\JetBrains\IntelliJ IDEA Community Edition 2022.3.1\plugins\maven\lib\maven3\bin;C:\Program Files\nebula-windows-amd64;;C:\Program Files\Docker\Docker\resources\bin;D:\Yashesh\openjdk-12+32_windows-x64_bin\jdk-12\bin;;C:\Users\DELL\AppData\Local\Programs\Microsoft VS Code\bin
USERNAME=DELL
OS=Windows_NT
PROCESSOR_IDENTIFIER=Intel64 Family 6 Model 142 Stepping 9, GenuineIntel
TMP=C:\Users\DELL\AppData\Local\Temp
TEMP=C:\Users\DELL\AppData\Local\Temp



---------------  S Y S T E M  ---------------

OS:
 Windows 10 , 64 bit Build 19041 (10.0.19041.3570)
OS uptime: 13 days 8:20 hours
Hyper-V role detected

CPU: total 4 (initial active 4) (2 cores per cpu, 2 threads per core) family 6 model 142 stepping 9 microcode 0xc6, cx8, cmov, fxsr, ht, mmx, 3dnowpref, sse, sse2, sse3, ssse3, sse4.1, sse4.2, popcnt, lzcnt, tsc, tscinvbit, avx, avx2, aes, erms, clmul, bmi1, bmi2, adx, fma, vzeroupper, clflush, clflushopt, hv, rdtscp

Memory: 4k page, system-wide physical 16243M (996M free)
TotalPageFile size 34268M (AvailPageFile size 4M)
current process WorkingSet (physical memory assigned to process): 38M, peak: 38M
current process commit charge ("private bytes"): 334M, peak: 334M

vm_info: OpenJDK 64-Bit Server VM (19.0.1+10-21) for windows-amd64 JRE (19.0.1+10-21), built on 2022-09-14T12:45:06Z by "mach5one" with MS VC++ 17.1 (VS2022)

END.
