#
# There is insufficient memory for the Java Runtime Environment to continue.
# Native memory allocation (mmap) failed to map 65536 bytes for Failed to commit metaspace.
# Possible reasons:
#   The system is out of physical RAM or swap space
#   The process is running with CompressedOops enabled, and the Java Heap may be blocking the growth of the native heap
# Possible solutions:
#   Reduce memory load on the system
#   Increase physical memory or swap space
#   Check if swap backing store is full
#   Decrease Java heap size (-Xmx/-Xms)
#   Decrease number of Java threads
#   Decrease Java thread stack sizes (-Xss)
#   Set larger code cache with -XX:ReservedCodeCacheSize=
#   JVM is running with Zero Based Compressed Oops mode in which the Java heap is
#     placed in the first 32GB address space. The Java Heap base address is the
#     maximum limit for the native heap growth. Please use -XX:HeapBaseMinAddress
#     to set the Java Heap base and to place the Java Heap above 32GB virtual address.
# This output file may be truncated or incomplete.
#
#  Out of Memory Error (virtualSpaceNode.cpp:110), pid=236748, tid=236804
#
# JRE version: OpenJDK Runtime Environment (19.0.1+10) (build 19.0.1+10-21)
# Java VM: OpenJDK 64-Bit Server VM (19.0.1+10-21, mixed mode, sharing, tiered, compressed oops, compressed class ptrs, g1 gc, windows-amd64)
# No core dump will be written. Minidumps are not enabled by default on client versions of Windows
#

---------------  S U M M A R Y ------------

Command Line: -Dnet.bytebuddy.agent.attacher.dump= net.bytebuddy.agent.Attacher com.sun.tools.attach.VirtualMachine 235848 C:\Users\DELL\.m2\repository\net\bytebuddy\byte-buddy-agent\1.14.10\byte-buddy-agent-1.14.10.jar false 

Host: Intel(R) Core(TM) i5-7200U CPU @ 2.50GHz, 4 cores, 15G,  Windows 10 , 64 bit Build 19041 (10.0.19041.3570)
Time: Tue Nov 28 18:19:07 2023 India Standard Time elapsed time: 0.095987 seconds (0d 0h 0m 0s)

---------------  T H R E A D  ---------------

Current thread (0x0000017e6bb69d40):  JavaThread "main" [_thread_in_vm, id=236804, stack(0x0000003da8500000,0x0000003da8600000)]

Stack: [0x0000003da8500000,0x0000003da8600000]
Native frames: (J=compiled Java code, j=interpreted, Vv=VM code, C=native code)
V  [jvm.dll+0x6ee8fa]
V  [jvm.dll+0x857a1e]
V  [jvm.dll+0x85940e]
V  [jvm.dll+0x859ac3]
V  [jvm.dll+0x28291f]
V  [jvm.dll+0x85369b]
V  [jvm.dll+0x693276]
V  [jvm.dll+0x6932da]
V  [jvm.dll+0x695bd3]
V  [jvm.dll+0x695a9e]
V  [jvm.dll+0x693c9e]
V  [jvm.dll+0x271725]
V  [jvm.dll+0x743613]
V  [jvm.dll+0x743fdf]
V  [jvm.dll+0x3c9afe]
V  [jvm.dll+0x3c8c74]
V  [jvm.dll+0x3c8c18]
V  [jvm.dll+0x5cfab9]
V  [jvm.dll+0x5ce9b4]
V  [jvm.dll+0x3ddf27]
V  [jvm.dll+0x3dd57f]
C  0x0000017e0755c1a1

Java frames: (J=compiled Java code, j=interpreted, Vv=VM code)
j  jdk.internal.jimage.BasicImageReader.getAttributes(I)[J+31 java.base@19.0.1
j  jdk.internal.jimage.BasicImageReader.findLocation(Ljava/lang/String;Ljava/lang/String;)Ljdk/internal/jimage/ImageLocation;+22 java.base@19.0.1
j  jdk.internal.jimage.ImageReader.findLocation(Ljava/lang/String;Ljava/lang/String;)Ljdk/internal/jimage/ImageLocation;+10 java.base@19.0.1
j  jdk.internal.module.SystemModuleFinders$SystemModuleReader.findImageLocation(Ljava/lang/String;)Ljdk/internal/jimage/ImageLocation;+36 java.base@19.0.1
j  jdk.internal.module.SystemModuleFinders$SystemModuleReader.read(Ljava/lang/String;)Ljava/util/Optional;+2 java.base@19.0.1
j  jdk.internal.loader.BuiltinClassLoader.defineClass(Ljava/lang/String;Ljdk/internal/loader/BuiltinClassLoader$LoadedModule;)Ljava/lang/Class;+79 java.base@19.0.1
j  jdk.internal.loader.BuiltinClassLoader.findClassInModuleOrNull(Ljdk/internal/loader/BuiltinClassLoader$LoadedModule;Ljava/lang/String;)Ljava/lang/Class;+9 java.base@19.0.1
j  jdk.internal.loader.BuiltinClassLoader.loadClassOrNull(Ljava/lang/String;Z)Ljava/lang/Class;+55 java.base@19.0.1
j  jdk.internal.loader.BuiltinClassLoader.loadClass(Ljava/lang/String;Z)Ljava/lang/Class;+3 java.base@19.0.1
j  jdk.internal.loader.ClassLoaders$AppClassLoader.loadClass(Ljava/lang/String;Z)Ljava/lang/Class;+36 java.base@19.0.1
j  java.lang.ClassLoader.loadClass(Ljava/lang/String;)Ljava/lang/Class;+3 java.base@19.0.1
v  ~StubRoutines::call_stub 0x0000017e0753100e
j  java.lang.Class.forName0(Ljava/lang/String;ZLjava/lang/ClassLoader;Ljava/lang/Class;)Ljava/lang/Class;+0 java.base@19.0.1
j  java.lang.Class.forName(Ljava/lang/String;Ljava/lang/Class;)Ljava/lang/Class;+19 java.base@19.0.1
j  java.lang.Class.forName(Ljava/lang/String;)Ljava/lang/Class;+6 java.base@19.0.1
j  net.bytebuddy.agent.Attacher.main([Ljava/lang/String;)V+70
v  ~StubRoutines::call_stub 0x0000017e0753100e

---------------  P R O C E S S  ---------------

Threads class SMR info:
_java_thread_list=0x0000017e7f8941d0, length=12, elements={
0x0000017e6bb69d40, 0x0000017e7f6634a0, 0x0000017e7f6645e0, 0x0000017e7f665110,
0x0000017e7f667b50, 0x0000017e7f6685c0, 0x0000017e7f66b590, 0x0000017e7f66c1f0,
0x0000017e7f677ac0, 0x0000017e7f6c4ba0, 0x0000017e7f8b4320, 0x0000017e7f8b70e0
}

Java Threads: ( => current thread )
=>0x0000017e6bb69d40 JavaThread "main" [_thread_in_vm, id=236804, stack(0x0000003da8500000,0x0000003da8600000)]
  0x0000017e7f6634a0 JavaThread "Reference Handler" daemon [_thread_blocked, id=236832, stack(0x0000003da8c00000,0x0000003da8d00000)]
  0x0000017e7f6645e0 JavaThread "Finalizer" daemon [_thread_blocked, id=236836, stack(0x0000003da8d00000,0x0000003da8e00000)]
  0x0000017e7f665110 JavaThread "Signal Dispatcher" daemon [_thread_blocked, id=236840, stack(0x0000003da8e00000,0x0000003da8f00000)]
  0x0000017e7f667b50 JavaThread "Attach Listener" daemon [_thread_blocked, id=236844, stack(0x0000003da8f00000,0x0000003da9000000)]
  0x0000017e7f6685c0 JavaThread "Service Thread" daemon [_thread_blocked, id=236848, stack(0x0000003da9000000,0x0000003da9100000)]
  0x0000017e7f66b590 JavaThread "Monitor Deflation Thread" daemon [_thread_blocked, id=236852, stack(0x0000003da9100000,0x0000003da9200000)]
  0x0000017e7f66c1f0 JavaThread "C2 CompilerThread0" daemon [_thread_blocked, id=236856, stack(0x0000003da9200000,0x0000003da9300000)]
  0x0000017e7f677ac0 JavaThread "C1 CompilerThread0" daemon [_thread_blocked, id=236860, stack(0x0000003da9300000,0x0000003da9400000)]
  0x0000017e7f6c4ba0 JavaThread "Sweeper thread" daemon [_thread_blocked, id=236864, stack(0x0000003da9400000,0x0000003da9500000)]
  0x0000017e7f8b4320 JavaThread "Notification Thread" daemon [_thread_blocked, id=236868, stack(0x0000003da9500000,0x0000003da9600000)]
  0x0000017e7f8b70e0 JavaThread "Common-Cleaner" daemon [_thread_blocked, id=236876, stack(0x0000003da9700000,0x0000003da9800000)]

Other Threads:
  0x0000017e7f647a80 VMThread "VM Thread" [stack: 0x0000003da8b00000,0x0000003da8c00000] [id=236828]
  0x0000017e7f8b4860 WatcherThread "VM Periodic Task Thread" [stack: 0x0000003da9600000,0x0000003da9700000] [id=236872]
  0x0000017e6bbd90b0 WorkerThread "GC Thread#0" [stack: 0x0000003da8600000,0x0000003da8700000] [id=236808]
  0x0000017e6bbe9e90 ConcurrentGCThread "G1 Main Marker" [stack: 0x0000003da8700000,0x0000003da8800000] [id=236812]
  0x0000017e6bbeaf70 WorkerThread "G1 Conc#0" [stack: 0x0000003da8800000,0x0000003da8900000] [id=236816]
  0x0000017e6bc3d9e0 ConcurrentGCThread "G1 Refine#0" [stack: 0x0000003da8900000,0x0000003da8a00000] [id=236820]
  0x0000017e7f5034c0 ConcurrentGCThread "G1 Service" [stack: 0x0000003da8a00000,0x0000003da8b00000] [id=236824]

Threads with active compile tasks:

VM state: not at safepoint (normal execution)

VM Mutex/Monitor currently owned by a thread:  ([mutex/lock_event])
[0x0000017e6bb641c0] Metaspace_lock - owner thread: 0x0000017e6bb69d40

Heap address: 0x0000000702200000, size: 4062 MB, Compressed Oops mode: Zero based, Oop shift amount: 3

CDS archive(s) mapped at: [0x0000000800000000-0x0000000800c30000-0x0000000800c30000), size 12779520, SharedBaseAddress: 0x0000000800000000, ArchiveRelocationMode: 0.
Compressed class space mapped at: 0x0000000801000000-0x0000000841000000, reserved size: 1073741824
Narrow klass base: 0x0000000800000000, Narrow klass shift: 0, Narrow klass range: 0x100000000

GC Precious Log:
 CardTable entry size: 512
 Card Set container configuration: InlinePtr #cards 4 size 8 Array Of Cards #cards 16 size 48 Howl #buckets 8 coarsen threshold 3686 Howl Bitmap #cards 512 size 80 coarsen threshold 460 Card regions per heap region 1 cards per card region 4096
 CPUs: 4 total, 4 available
 Memory: 16243M
 Large Page Support: Disabled
 NUMA Support: Disabled
 Compressed Oops: Enabled (Zero based)
 Heap Region Size: 2M
 Heap Min Capacity: 8M
 Heap Initial Capacity: 254M
 Heap Max Capacity: 4062M
 Pre-touch: Disabled
 Parallel Workers: 4
 Concurrent Workers: 1
 Concurrent Refinement Workers: 4
 Periodic GC: Disabled

Heap:
 garbage-first heap   total 260096K, used 0K [0x0000000702200000, 0x0000000800000000)
  region size 2048K, 1 young (2048K), 0 survivors (0K)
 Metaspace       used 203K, committed 384K, reserved 1114112K
  class space    used 8K, committed 128K, reserved 1048576K

Heap Regions: E=young(eden), S=young(survivor), O=old, HS=humongous(starts), HC=humongous(continues), CS=collection set, F=free, OA=open archive, CA=closed archive, TAMS=top-at-mark-start (previous, next)
|   0|0x0000000702200000, 0x0000000702200000, 0x0000000702400000|  0%| F|  |TAMS 0x0000000702200000, 0x0000000702200000| Untracked 
|   1|0x0000000702400000, 0x0000000702400000, 0x0000000702600000|  0%| F|  |TAMS 0x0000000702400000, 0x0000000702400000| Untracked 
|   2|0x0000000702600000, 0x0000000702600000, 0x0000000702800000|  0%| F|  |TAMS 0x0000000702600000, 0x0000000702600000| Untracked 
|   3|0x0000000702800000, 0x0000000702800000, 0x0000000702a00000|  0%| F|  |TAMS 0x0000000702800000, 0x0000000702800000| Untracked 
|   4|0x0000000702a00000, 0x0000000702a00000, 0x0000000702c00000|  0%| F|  |TAMS 0x0000000702a00000, 0x0000000702a00000| Untracked 
|   5|0x0000000702c00000, 0x0000000702c00000, 0x0000000702e00000|  0%| F|  |TAMS 0x0000000702c00000, 0x0000000702c00000| Untracked 
|   6|0x0000000702e00000, 0x0000000702e00000, 0x0000000703000000|  0%| F|  |TAMS 0x0000000702e00000, 0x0000000702e00000| Untracked 
|   7|0x0000000703000000, 0x0000000703000000, 0x0000000703200000|  0%| F|  |TAMS 0x0000000703000000, 0x0000000703000000| Untracked 
|   8|0x0000000703200000, 0x0000000703200000, 0x0000000703400000|  0%| F|  |TAMS 0x0000000703200000, 0x0000000703200000| Untracked 
|   9|0x0000000703400000, 0x0000000703400000, 0x0000000703600000|  0%| F|  |TAMS 0x0000000703400000, 0x0000000703400000| Untracked 
|  10|0x0000000703600000, 0x0000000703600000, 0x0000000703800000|  0%| F|  |TAMS 0x0000000703600000, 0x0000000703600000| Untracked 
|  11|0x0000000703800000, 0x0000000703800000, 0x0000000703a00000|  0%| F|  |TAMS 0x0000000703800000, 0x0000000703800000| Untracked 
|  12|0x0000000703a00000, 0x0000000703a00000, 0x0000000703c00000|  0%| F|  |TAMS 0x0000000703a00000, 0x0000000703a00000| Untracked 
|  13|0x0000000703c00000, 0x0000000703c00000, 0x0000000703e00000|  0%| F|  |TAMS 0x0000000703c00000, 0x0000000703c00000| Untracked 
|  14|0x0000000703e00000, 0x0000000703e00000, 0x0000000704000000|  0%| F|  |TAMS 0x0000000703e00000, 0x0000000703e00000| Untracked 
|  15|0x0000000704000000, 0x0000000704000000, 0x0000000704200000|  0%| F|  |TAMS 0x0000000704000000, 0x0000000704000000| Untracked 
|  16|0x0000000704200000, 0x0000000704200000, 0x0000000704400000|  0%| F|  |TAMS 0x0000000704200000, 0x0000000704200000| Untracked 
|  17|0x0000000704400000, 0x0000000704400000, 0x0000000704600000|  0%| F|  |TAMS 0x0000000704400000, 0x0000000704400000| Untracked 
|  18|0x0000000704600000, 0x0000000704600000, 0x0000000704800000|  0%| F|  |TAMS 0x0000000704600000, 0x0000000704600000| Untracked 
|  19|0x0000000704800000, 0x0000000704800000, 0x0000000704a00000|  0%| F|  |TAMS 0x0000000704800000, 0x0000000704800000| Untracked 
|  20|0x0000000704a00000, 0x0000000704a00000, 0x0000000704c00000|  0%| F|  |TAMS 0x0000000704a00000, 0x0000000704a00000| Untracked 
|  21|0x0000000704c00000, 0x0000000704c00000, 0x0000000704e00000|  0%| F|  |TAMS 0x0000000704c00000, 0x0000000704c00000| Untracked 
|  22|0x0000000704e00000, 0x0000000704e00000, 0x0000000705000000|  0%| F|  |TAMS 0x0000000704e00000, 0x0000000704e00000| Untracked 
|  23|0x0000000705000000, 0x0000000705000000, 0x0000000705200000|  0%| F|  |TAMS 0x0000000705000000, 0x0000000705000000| Untracked 
|  24|0x0000000705200000, 0x0000000705200000, 0x0000000705400000|  0%| F|  |TAMS 0x0000000705200000, 0x0000000705200000| Untracked 
|  25|0x0000000705400000, 0x0000000705400000, 0x0000000705600000|  0%| F|  |TAMS 0x0000000705400000, 0x0000000705400000| Untracked 
|  26|0x0000000705600000, 0x0000000705600000, 0x0000000705800000|  0%| F|  |TAMS 0x0000000705600000, 0x0000000705600000| Untracked 
|  27|0x0000000705800000, 0x0000000705800000, 0x0000000705a00000|  0%| F|  |TAMS 0x0000000705800000, 0x0000000705800000| Untracked 
|  28|0x0000000705a00000, 0x0000000705a00000, 0x0000000705c00000|  0%| F|  |TAMS 0x0000000705a00000, 0x0000000705a00000| Untracked 
|  29|0x0000000705c00000, 0x0000000705c00000, 0x0000000705e00000|  0%| F|  |TAMS 0x0000000705c00000, 0x0000000705c00000| Untracked 
|  30|0x0000000705e00000, 0x0000000705e00000, 0x0000000706000000|  0%| F|  |TAMS 0x0000000705e00000, 0x0000000705e00000| Untracked 
|  31|0x0000000706000000, 0x0000000706000000, 0x0000000706200000|  0%| F|  |TAMS 0x0000000706000000, 0x0000000706000000| Untracked 
|  32|0x0000000706200000, 0x0000000706200000, 0x0000000706400000|  0%| F|  |TAMS 0x0000000706200000, 0x0000000706200000| Untracked 
|  33|0x0000000706400000, 0x0000000706400000, 0x0000000706600000|  0%| F|  |TAMS 0x0000000706400000, 0x0000000706400000| Untracked 
|  34|0x0000000706600000, 0x0000000706600000, 0x0000000706800000|  0%| F|  |TAMS 0x0000000706600000, 0x0000000706600000| Untracked 
|  35|0x0000000706800000, 0x0000000706800000, 0x0000000706a00000|  0%| F|  |TAMS 0x0000000706800000, 0x0000000706800000| Untracked 
|  36|0x0000000706a00000, 0x0000000706a00000, 0x0000000706c00000|  0%| F|  |TAMS 0x0000000706a00000, 0x0000000706a00000| Untracked 
|  37|0x0000000706c00000, 0x0000000706c00000, 0x0000000706e00000|  0%| F|  |TAMS 0x0000000706c00000, 0x0000000706c00000| Untracked 
|  38|0x0000000706e00000, 0x0000000706e00000, 0x0000000707000000|  0%| F|  |TAMS 0x0000000706e00000, 0x0000000706e00000| Untracked 
|  39|0x0000000707000000, 0x0000000707000000, 0x0000000707200000|  0%| F|  |TAMS 0x0000000707000000, 0x0000000707000000| Untracked 
|  40|0x0000000707200000, 0x0000000707200000, 0x0000000707400000|  0%| F|  |TAMS 0x0000000707200000, 0x0000000707200000| Untracked 
|  41|0x0000000707400000, 0x0000000707400000, 0x0000000707600000|  0%| F|  |TAMS 0x0000000707400000, 0x0000000707400000| Untracked 
|  42|0x0000000707600000, 0x0000000707600000, 0x0000000707800000|  0%| F|  |TAMS 0x0000000707600000, 0x0000000707600000| Untracked 
|  43|0x0000000707800000, 0x0000000707800000, 0x0000000707a00000|  0%| F|  |TAMS 0x0000000707800000, 0x0000000707800000| Untracked 
|  44|0x0000000707a00000, 0x0000000707a00000, 0x0000000707c00000|  0%| F|  |TAMS 0x0000000707a00000, 0x0000000707a00000| Untracked 
|  45|0x0000000707c00000, 0x0000000707c00000, 0x0000000707e00000|  0%| F|  |TAMS 0x0000000707c00000, 0x0000000707c00000| Untracked 
|  46|0x0000000707e00000, 0x0000000707e00000, 0x0000000708000000|  0%| F|  |TAMS 0x0000000707e00000, 0x0000000707e00000| Untracked 
|  47|0x0000000708000000, 0x0000000708000000, 0x0000000708200000|  0%| F|  |TAMS 0x0000000708000000, 0x0000000708000000| Untracked 
|  48|0x0000000708200000, 0x0000000708200000, 0x0000000708400000|  0%| F|  |TAMS 0x0000000708200000, 0x0000000708200000| Untracked 
|  49|0x0000000708400000, 0x0000000708400000, 0x0000000708600000|  0%| F|  |TAMS 0x0000000708400000, 0x0000000708400000| Untracked 
|  50|0x0000000708600000, 0x0000000708600000, 0x0000000708800000|  0%| F|  |TAMS 0x0000000708600000, 0x0000000708600000| Untracked 
|  51|0x0000000708800000, 0x0000000708800000, 0x0000000708a00000|  0%| F|  |TAMS 0x0000000708800000, 0x0000000708800000| Untracked 
|  52|0x0000000708a00000, 0x0000000708a00000, 0x0000000708c00000|  0%| F|  |TAMS 0x0000000708a00000, 0x0000000708a00000| Untracked 
|  53|0x0000000708c00000, 0x0000000708c00000, 0x0000000708e00000|  0%| F|  |TAMS 0x0000000708c00000, 0x0000000708c00000| Untracked 
|  54|0x0000000708e00000, 0x0000000708e00000, 0x0000000709000000|  0%| F|  |TAMS 0x0000000708e00000, 0x0000000708e00000| Untracked 
|  55|0x0000000709000000, 0x0000000709000000, 0x0000000709200000|  0%| F|  |TAMS 0x0000000709000000, 0x0000000709000000| Untracked 
|  56|0x0000000709200000, 0x0000000709200000, 0x0000000709400000|  0%| F|  |TAMS 0x0000000709200000, 0x0000000709200000| Untracked 
|  57|0x0000000709400000, 0x0000000709400000, 0x0000000709600000|  0%| F|  |TAMS 0x0000000709400000, 0x0000000709400000| Untracked 
|  58|0x0000000709600000, 0x0000000709600000, 0x0000000709800000|  0%| F|  |TAMS 0x0000000709600000, 0x0000000709600000| Untracked 
|  59|0x0000000709800000, 0x0000000709800000, 0x0000000709a00000|  0%| F|  |TAMS 0x0000000709800000, 0x0000000709800000| Untracked 
|  60|0x0000000709a00000, 0x0000000709a00000, 0x0000000709c00000|  0%| F|  |TAMS 0x0000000709a00000, 0x0000000709a00000| Untracked 
|  61|0x0000000709c00000, 0x0000000709c00000, 0x0000000709e00000|  0%| F|  |TAMS 0x0000000709c00000, 0x0000000709c00000| Untracked 
|  62|0x0000000709e00000, 0x0000000709e00000, 0x000000070a000000|  0%| F|  |TAMS 0x0000000709e00000, 0x0000000709e00000| Untracked 
|  63|0x000000070a000000, 0x000000070a000000, 0x000000070a200000|  0%| F|  |TAMS 0x000000070a000000, 0x000000070a000000| Untracked 
|  64|0x000000070a200000, 0x000000070a200000, 0x000000070a400000|  0%| F|  |TAMS 0x000000070a200000, 0x000000070a200000| Untracked 
|  65|0x000000070a400000, 0x000000070a400000, 0x000000070a600000|  0%| F|  |TAMS 0x000000070a400000, 0x000000070a400000| Untracked 
|  66|0x000000070a600000, 0x000000070a600000, 0x000000070a800000|  0%| F|  |TAMS 0x000000070a600000, 0x000000070a600000| Untracked 
|  67|0x000000070a800000, 0x000000070a800000, 0x000000070aa00000|  0%| F|  |TAMS 0x000000070a800000, 0x000000070a800000| Untracked 
|  68|0x000000070aa00000, 0x000000070aa00000, 0x000000070ac00000|  0%| F|  |TAMS 0x000000070aa00000, 0x000000070aa00000| Untracked 
|  69|0x000000070ac00000, 0x000000070ac00000, 0x000000070ae00000|  0%| F|  |TAMS 0x000000070ac00000, 0x000000070ac00000| Untracked 
|  70|0x000000070ae00000, 0x000000070ae00000, 0x000000070b000000|  0%| F|  |TAMS 0x000000070ae00000, 0x000000070ae00000| Untracked 
|  71|0x000000070b000000, 0x000000070b000000, 0x000000070b200000|  0%| F|  |TAMS 0x000000070b000000, 0x000000070b000000| Untracked 
|  72|0x000000070b200000, 0x000000070b200000, 0x000000070b400000|  0%| F|  |TAMS 0x000000070b200000, 0x000000070b200000| Untracked 
|  73|0x000000070b400000, 0x000000070b400000, 0x000000070b600000|  0%| F|  |TAMS 0x000000070b400000, 0x000000070b400000| Untracked 
|  74|0x000000070b600000, 0x000000070b600000, 0x000000070b800000|  0%| F|  |TAMS 0x000000070b600000, 0x000000070b600000| Untracked 
|  75|0x000000070b800000, 0x000000070b800000, 0x000000070ba00000|  0%| F|  |TAMS 0x000000070b800000, 0x000000070b800000| Untracked 
|  76|0x000000070ba00000, 0x000000070ba00000, 0x000000070bc00000|  0%| F|  |TAMS 0x000000070ba00000, 0x000000070ba00000| Untracked 
|  77|0x000000070bc00000, 0x000000070bc00000, 0x000000070be00000|  0%| F|  |TAMS 0x000000070bc00000, 0x000000070bc00000| Untracked 
|  78|0x000000070be00000, 0x000000070be00000, 0x000000070c000000|  0%| F|  |TAMS 0x000000070be00000, 0x000000070be00000| Untracked 
|  79|0x000000070c000000, 0x000000070c000000, 0x000000070c200000|  0%| F|  |TAMS 0x000000070c000000, 0x000000070c000000| Untracked 
|  80|0x000000070c200000, 0x000000070c200000, 0x000000070c400000|  0%| F|  |TAMS 0x000000070c200000, 0x000000070c200000| Untracked 
|  81|0x000000070c400000, 0x000000070c400000, 0x000000070c600000|  0%| F|  |TAMS 0x000000070c400000, 0x000000070c400000| Untracked 
|  82|0x000000070c600000, 0x000000070c600000, 0x000000070c800000|  0%| F|  |TAMS 0x000000070c600000, 0x000000070c600000| Untracked 
|  83|0x000000070c800000, 0x000000070c800000, 0x000000070ca00000|  0%| F|  |TAMS 0x000000070c800000, 0x000000070c800000| Untracked 
|  84|0x000000070ca00000, 0x000000070ca00000, 0x000000070cc00000|  0%| F|  |TAMS 0x000000070ca00000, 0x000000070ca00000| Untracked 
|  85|0x000000070cc00000, 0x000000070cc00000, 0x000000070ce00000|  0%| F|  |TAMS 0x000000070cc00000, 0x000000070cc00000| Untracked 
|  86|0x000000070ce00000, 0x000000070ce00000, 0x000000070d000000|  0%| F|  |TAMS 0x000000070ce00000, 0x000000070ce00000| Untracked 
|  87|0x000000070d000000, 0x000000070d000000, 0x000000070d200000|  0%| F|  |TAMS 0x000000070d000000, 0x000000070d000000| Untracked 
|  88|0x000000070d200000, 0x000000070d200000, 0x000000070d400000|  0%| F|  |TAMS 0x000000070d200000, 0x000000070d200000| Untracked 
|  89|0x000000070d400000, 0x000000070d400000, 0x000000070d600000|  0%| F|  |TAMS 0x000000070d400000, 0x000000070d400000| Untracked 
|  90|0x000000070d600000, 0x000000070d600000, 0x000000070d800000|  0%| F|  |TAMS 0x000000070d600000, 0x000000070d600000| Untracked 
|  91|0x000000070d800000, 0x000000070d800000, 0x000000070da00000|  0%| F|  |TAMS 0x000000070d800000, 0x000000070d800000| Untracked 
|  92|0x000000070da00000, 0x000000070da00000, 0x000000070dc00000|  0%| F|  |TAMS 0x000000070da00000, 0x000000070da00000| Untracked 
|  93|0x000000070dc00000, 0x000000070dc00000, 0x000000070de00000|  0%| F|  |TAMS 0x000000070dc00000, 0x000000070dc00000| Untracked 
|  94|0x000000070de00000, 0x000000070de00000, 0x000000070e000000|  0%| F|  |TAMS 0x000000070de00000, 0x000000070de00000| Untracked 
|  95|0x000000070e000000, 0x000000070e000000, 0x000000070e200000|  0%| F|  |TAMS 0x000000070e000000, 0x000000070e000000| Untracked 
|  96|0x000000070e200000, 0x000000070e200000, 0x000000070e400000|  0%| F|  |TAMS 0x000000070e200000, 0x000000070e200000| Untracked 
|  97|0x000000070e400000, 0x000000070e400000, 0x000000070e600000|  0%| F|  |TAMS 0x000000070e400000, 0x000000070e400000| Untracked 
|  98|0x000000070e600000, 0x000000070e600000, 0x000000070e800000|  0%| F|  |TAMS 0x000000070e600000, 0x000000070e600000| Untracked 
|  99|0x000000070e800000, 0x000000070e800000, 0x000000070ea00000|  0%| F|  |TAMS 0x000000070e800000, 0x000000070e800000| Untracked 
| 100|0x000000070ea00000, 0x000000070ea00000, 0x000000070ec00000|  0%| F|  |TAMS 0x000000070ea00000, 0x000000070ea00000| Untracked 
| 101|0x000000070ec00000, 0x000000070ec00000, 0x000000070ee00000|  0%| F|  |TAMS 0x000000070ec00000, 0x000000070ec00000| Untracked 
| 102|0x000000070ee00000, 0x000000070ee00000, 0x000000070f000000|  0%| F|  |TAMS 0x000000070ee00000, 0x000000070ee00000| Untracked 
| 103|0x000000070f000000, 0x000000070f000000, 0x000000070f200000|  0%| F|  |TAMS 0x000000070f000000, 0x000000070f000000| Untracked 
| 104|0x000000070f200000, 0x000000070f200000, 0x000000070f400000|  0%| F|  |TAMS 0x000000070f200000, 0x000000070f200000| Untracked 
| 105|0x000000070f400000, 0x000000070f400000, 0x000000070f600000|  0%| F|  |TAMS 0x000000070f400000, 0x000000070f400000| Untracked 
| 106|0x000000070f600000, 0x000000070f600000, 0x000000070f800000|  0%| F|  |TAMS 0x000000070f600000, 0x000000070f600000| Untracked 
| 107|0x000000070f800000, 0x000000070f800000, 0x000000070fa00000|  0%| F|  |TAMS 0x000000070f800000, 0x000000070f800000| Untracked 
| 108|0x000000070fa00000, 0x000000070fa00000, 0x000000070fc00000|  0%| F|  |TAMS 0x000000070fa00000, 0x000000070fa00000| Untracked 
| 109|0x000000070fc00000, 0x000000070fc00000, 0x000000070fe00000|  0%| F|  |TAMS 0x000000070fc00000, 0x000000070fc00000| Untracked 
| 110|0x000000070fe00000, 0x000000070fe00000, 0x0000000710000000|  0%| F|  |TAMS 0x000000070fe00000, 0x000000070fe00000| Untracked 
| 111|0x0000000710000000, 0x0000000710000000, 0x0000000710200000|  0%| F|  |TAMS 0x0000000710000000, 0x0000000710000000| Untracked 
| 112|0x0000000710200000, 0x0000000710200000, 0x0000000710400000|  0%| F|  |TAMS 0x0000000710200000, 0x0000000710200000| Untracked 
| 113|0x0000000710400000, 0x0000000710400000, 0x0000000710600000|  0%| F|  |TAMS 0x0000000710400000, 0x0000000710400000| Untracked 
| 114|0x0000000710600000, 0x0000000710600000, 0x0000000710800000|  0%| F|  |TAMS 0x0000000710600000, 0x0000000710600000| Untracked 
| 115|0x0000000710800000, 0x0000000710800000, 0x0000000710a00000|  0%| F|  |TAMS 0x0000000710800000, 0x0000000710800000| Untracked 
| 116|0x0000000710a00000, 0x0000000710a00000, 0x0000000710c00000|  0%| F|  |TAMS 0x0000000710a00000, 0x0000000710a00000| Untracked 
| 117|0x0000000710c00000, 0x0000000710c00000, 0x0000000710e00000|  0%| F|  |TAMS 0x0000000710c00000, 0x0000000710c00000| Untracked 
| 118|0x0000000710e00000, 0x0000000710e00000, 0x0000000711000000|  0%| F|  |TAMS 0x0000000710e00000, 0x0000000710e00000| Untracked 
| 119|0x0000000711000000, 0x0000000711000000, 0x0000000711200000|  0%| F|  |TAMS 0x0000000711000000, 0x0000000711000000| Untracked 
| 120|0x0000000711200000, 0x0000000711200000, 0x0000000711400000|  0%| F|  |TAMS 0x0000000711200000, 0x0000000711200000| Untracked 
| 121|0x0000000711400000, 0x0000000711400000, 0x0000000711600000|  0%| F|  |TAMS 0x0000000711400000, 0x0000000711400000| Untracked 
| 122|0x0000000711600000, 0x0000000711600000, 0x0000000711800000|  0%| F|  |TAMS 0x0000000711600000, 0x0000000711600000| Untracked 
| 123|0x0000000711800000, 0x0000000711800000, 0x0000000711a00000|  0%| F|  |TAMS 0x0000000711800000, 0x0000000711800000| Untracked 
| 124|0x0000000711a00000, 0x0000000711a00000, 0x0000000711c00000|  0%| F|  |TAMS 0x0000000711a00000, 0x0000000711a00000| Untracked 
| 125|0x0000000711c00000, 0x0000000711c00000, 0x0000000711e00000|  0%| F|  |TAMS 0x0000000711c00000, 0x0000000711c00000| Untracked 
| 126|0x0000000711e00000, 0x0000000711fae390, 0x0000000712000000| 84%| E|  |TAMS 0x0000000711e00000, 0x0000000711e00000| Complete 

Card table byte_map: [0x0000017e742c0000,0x0000017e74ab0000] _byte_map_base: 0x0000017e70aaf000

Marking Bits (Prev, Next): (CMBitMap*) 0x0000017e6bbd95f0, (CMBitMap*) 0x0000017e6bbd9630
 Prev Bits: [0x0000017e752a0000, 0x0000017e79218000)
 Next Bits: [0x0000017e79220000, 0x0000017e7d198000)

Polling page: 0x0000017e69ad0000

Metaspace:

Usage:
  Non-class:    195.41 KB used.
      Class:      8.44 KB used.
       Both:    203.85 KB used.

Virtual space:
  Non-class space:       64.00 MB reserved,     256.00 KB ( <1%) committed,  1 nodes.
      Class space:        1.00 GB reserved,     128.00 KB ( <1%) committed,  1 nodes.
             Both:        1.06 GB reserved,     384.00 KB ( <1%) committed. 

Chunk freelists:
   Non-Class:  4.00 MB
       Class:  3.75 MB
        Both:  7.74 MB

MaxMetaspaceSize: unlimited
CompressedClassSpaceSize: 1.00 GB
Initial GC threshold: 21.00 MB
Current GC threshold: 21.00 MB
CDS: on
MetaspaceReclaimPolicy: balanced
 - commit_granule_bytes: 65536.
 - commit_granule_words: 8192.
 - virtual_space_node_default_size: 8388608.
 - enlarge_chunks_in_place: 1.
 - new_chunks_are_fully_committed: 0.
 - uncommit_free_chunks: 1.
 - use_allocation_guard: 0.


Internal statistics:

num_allocs_failed_limit: 0.
num_arena_births: 4.
num_arena_deaths: 0.
num_vsnodes_births: 2.
num_vsnodes_deaths: 0.
num_space_committed: 6.
num_space_uncommitted: 0.
num_chunks_returned_to_freelist: 0.
num_chunks_taken_from_freelist: 5.
num_chunk_merges: 0.
num_chunk_splits: 2.
num_chunks_enlarged: 0.
num_inconsistent_stats: 0.

CodeHeap 'non-profiled nmethods': size=120000Kb used=13Kb max_used=13Kb free=119986Kb
 bounds [0x0000017e07ad0000, 0x0000017e07d40000, 0x0000017e0f000000]
CodeHeap 'profiled nmethods': size=120000Kb used=97Kb max_used=97Kb free=119902Kb
 bounds [0x0000017e00000000, 0x0000017e00270000, 0x0000017e07530000]
CodeHeap 'non-nmethods': size=5760Kb used=1152Kb max_used=1152Kb free=4607Kb
 bounds [0x0000017e07530000, 0x0000017e077a0000, 0x0000017e07ad0000]
 total_blobs=407 nmethods=76 adapters=242
 compilation: enabled
              stopped_count=0, restarted_count=0
 full_count=0

Compilation events (20 events):
Event: 0.076 Thread 0x0000017e7f677ac0   66       3       java.lang.AbstractStringBuilder::isLatin1 (19 bytes)
Event: 0.076 Thread 0x0000017e7f677ac0 nmethod 66 0x0000017e00015610 code [0x0000017e000157a0, 0x0000017e00015918]
Event: 0.076 Thread 0x0000017e7f677ac0   67       3       java.lang.StringBuilder::append (8 bytes)
Event: 0.076 Thread 0x0000017e7f677ac0 nmethod 67 0x0000017e00015990 code [0x0000017e00015b40, 0x0000017e00015c88]
Event: 0.078 Thread 0x0000017e7f677ac0   68       3       java.lang.StringLatin1::indexOfChar (33 bytes)
Event: 0.078 Thread 0x0000017e7f677ac0 nmethod 68 0x0000017e00015d10 code [0x0000017e00015ec0, 0x0000017e000160f8]
Event: 0.078 Thread 0x0000017e7f677ac0   69       3       java.lang.String::isEmpty (14 bytes)
Event: 0.078 Thread 0x0000017e7f677ac0 nmethod 69 0x0000017e00016210 code [0x0000017e000163a0, 0x0000017e00016518]
Event: 0.087 Thread 0x0000017e7f677ac0   71       3       java.util.zip.ZipUtils::SH (21 bytes)
Event: 0.087 Thread 0x0000017e7f677ac0 nmethod 71 0x0000017e00016610 code [0x0000017e000167a0, 0x0000017e000168f8]
Event: 0.090 Thread 0x0000017e7f677ac0   72       3       java.util.HashMap::put (13 bytes)
Event: 0.090 Thread 0x0000017e7f677ac0 nmethod 72 0x0000017e00016a10 code [0x0000017e00016be0, 0x0000017e00016ed8]
Event: 0.090 Thread 0x0000017e7f677ac0   73       3       java.lang.Math::min (11 bytes)
Event: 0.090 Thread 0x0000017e7f677ac0 nmethod 73 0x0000017e00017010 code [0x0000017e000171a0, 0x0000017e000172d8]
Event: 0.093 Thread 0x0000017e7f677ac0   74       3       java.lang.String::indexOf (29 bytes)
Event: 0.093 Thread 0x0000017e7f677ac0 nmethod 74 0x0000017e00017390 code [0x0000017e00017560, 0x0000017e00017818]
Event: 0.093 Thread 0x0000017e7f677ac0   75       3       java.lang.StringLatin1::indexOf (36 bytes)
Event: 0.093 Thread 0x0000017e7f677ac0 nmethod 75 0x0000017e00017910 code [0x0000017e00017ae0, 0x0000017e00017f18]
Event: 0.093 Thread 0x0000017e7f677ac0   76       3       java.lang.String::indexOf (7 bytes)
Event: 0.094 Thread 0x0000017e7f677ac0 nmethod 76 0x0000017e00018090 code [0x0000017e00018260, 0x0000017e00018578]

GC Heap History (0 events):
No events

Dll operation events (7 events):
Event: 0.008 Loaded shared library C:\Users\DELL\.jdks\openjdk-19.0.1\bin\java.dll
Event: 0.019 Loaded shared library C:\Users\DELL\.jdks\openjdk-19.0.1\bin\jsvml.dll
Event: 0.082 Loaded shared library C:\Users\DELL\.jdks\openjdk-19.0.1\bin\net.dll
Event: 0.085 Loaded shared library C:\Users\DELL\.jdks\openjdk-19.0.1\bin\nio.dll
Event: 0.089 Loaded shared library C:\Users\DELL\.jdks\openjdk-19.0.1\bin\zip.dll
Event: 0.092 Loaded shared library C:\Users\DELL\.jdks\openjdk-19.0.1\bin\verify.dll
Event: 0.094 Loaded shared library C:\Users\DELL\.jdks\openjdk-19.0.1\bin\jimage.dll

Deoptimization events (0 events):
No events

Classes loaded (8 events):
Event: 0.073 Loading class jdk/internal/vm/PostVMInitHook
Event: 0.073 Loading class jdk/internal/vm/PostVMInitHook done
Event: 0.093 Loading class java/lang/UnsupportedOperationException
Event: 0.093 Loading class java/lang/UnsupportedOperationException done
Event: 0.093 Loading class jdk/internal/module/ModulePatcher$PatchedModuleReader
Event: 0.093 Loading class jdk/internal/module/ModulePatcher$PatchedModuleReader done
Event: 0.095 Loading class jdk/internal/jimage/ImageLocation
Event: 0.095 Loading class jdk/internal/jimage/ImageLocation done

Classes unloaded (0 events):
No events

Classes redefined (0 events):
No events

Internal exceptions (0 events):
No events

VM Operations (2 events):
Event: 0.089 Executing VM operation: HandshakeAllThreads
Event: 0.089 Executing VM operation: HandshakeAllThreads done

Events (12 events):
Event: 0.020 Thread 0x0000017e6bb69d40 Thread added: 0x0000017e6bb69d40
Event: 0.038 Thread 0x0000017e7f6634a0 Thread added: 0x0000017e7f6634a0
Event: 0.039 Thread 0x0000017e7f6645e0 Thread added: 0x0000017e7f6645e0
Event: 0.039 Thread 0x0000017e7f665110 Thread added: 0x0000017e7f665110
Event: 0.039 Thread 0x0000017e7f667b50 Thread added: 0x0000017e7f667b50
Event: 0.039 Thread 0x0000017e7f6685c0 Thread added: 0x0000017e7f6685c0
Event: 0.039 Thread 0x0000017e7f66b590 Thread added: 0x0000017e7f66b590
Event: 0.040 Thread 0x0000017e7f66c1f0 Thread added: 0x0000017e7f66c1f0
Event: 0.040 Thread 0x0000017e7f677ac0 Thread added: 0x0000017e7f677ac0
Event: 0.041 Thread 0x0000017e7f6c4ba0 Thread added: 0x0000017e7f6c4ba0
Event: 0.073 Thread 0x0000017e7f8b4320 Thread added: 0x0000017e7f8b4320
Event: 0.077 Thread 0x0000017e7f8b70e0 Thread added: 0x0000017e7f8b70e0


Dynamic libraries:
0x00007ff715dc0000 - 0x00007ff715dce000 	C:\Users\DELL\.jdks\openjdk-19.0.1\bin\java.exe
0x00007ffc1ce70000 - 0x00007ffc1d067000 	C:\Windows\SYSTEM32\ntdll.dll
0x00007ffc1c7d0000 - 0x00007ffc1c88d000 	C:\Windows\System32\KERNEL32.DLL
0x00007ffc1abd0000 - 0x00007ffc1aec6000 	C:\Windows\System32\KERNELBASE.dll
0x00007ffc1a830000 - 0x00007ffc1a930000 	C:\Windows\System32\ucrtbase.dll
0x00007ffbff490000 - 0x00007ffbff4ab000 	C:\Users\DELL\.jdks\openjdk-19.0.1\bin\VCRUNTIME140.dll
0x00007ffc01860000 - 0x00007ffc01877000 	C:\Users\DELL\.jdks\openjdk-19.0.1\bin\jli.dll
0x00007ffc06470000 - 0x00007ffc0670a000 	C:\Windows\WinSxS\amd64_microsoft.windows.common-controls_6595b64144ccf1df_6.0.19041.3570_none_60bb2a3971f3e41a\COMCTL32.dll
0x00007ffc1c9f0000 - 0x00007ffc1cb8e000 	C:\Windows\System32\USER32.dll
0x00007ffc1aa50000 - 0x00007ffc1aa72000 	C:\Windows\System32\win32u.dll
0x00007ffc1cb90000 - 0x00007ffc1cc2e000 	C:\Windows\System32\msvcrt.dll
0x00007ffc1b550000 - 0x00007ffc1b57c000 	C:\Windows\System32\GDI32.dll
0x00007ffc1a930000 - 0x00007ffc1aa4a000 	C:\Windows\System32\gdi32full.dll
0x00007ffc1ab30000 - 0x00007ffc1abcd000 	C:\Windows\System32\msvcp_win.dll
0x00007ffc1aed0000 - 0x00007ffc1af00000 	C:\Windows\System32\IMM32.DLL
0x00007ffc15280000 - 0x00007ffc1528c000 	C:\Users\DELL\.jdks\openjdk-19.0.1\bin\vcruntime140_1.dll
0x00007ffbef210000 - 0x00007ffbef29e000 	C:\Users\DELL\.jdks\openjdk-19.0.1\bin\msvcp140.dll
0x00007ffbbbb70000 - 0x00007ffbbc830000 	C:\Users\DELL\.jdks\openjdk-19.0.1\bin\server\jvm.dll
0x00007ffc1ba00000 - 0x00007ffc1baae000 	C:\Windows\System32\ADVAPI32.dll
0x00007ffc1bc50000 - 0x00007ffc1bcec000 	C:\Windows\System32\sechost.dll
0x00007ffc1b600000 - 0x00007ffc1b726000 	C:\Windows\System32\RPCRT4.dll
0x00007ffbf53e0000 - 0x00007ffbf5407000 	C:\Windows\SYSTEM32\WINMM.dll
0x00007ffbffe20000 - 0x00007ffbffe29000 	C:\Windows\SYSTEM32\WSOCK32.dll
0x00007ffc1b010000 - 0x00007ffc1b07b000 	C:\Windows\System32\WS2_32.dll
0x00007ffc11e20000 - 0x00007ffc11e2a000 	C:\Windows\SYSTEM32\VERSION.dll
0x00007ffc18d40000 - 0x00007ffc18d52000 	C:\Windows\SYSTEM32\kernel.appcore.dll
0x00007ffc14330000 - 0x00007ffc1433a000 	C:\Users\DELL\.jdks\openjdk-19.0.1\bin\jimage.dll
0x00007ffc18b30000 - 0x00007ffc18d14000 	C:\Windows\SYSTEM32\DBGHELP.DLL
0x00007ffc016d0000 - 0x00007ffc01704000 	C:\Windows\SYSTEM32\dbgcore.DLL
0x00007ffc1a550000 - 0x00007ffc1a5d2000 	C:\Windows\System32\bcryptPrimitives.dll
0x00007ffbfe510000 - 0x00007ffbfe536000 	C:\Users\DELL\.jdks\openjdk-19.0.1\bin\java.dll
0x00007ffbebf60000 - 0x00007ffbec037000 	C:\Users\DELL\.jdks\openjdk-19.0.1\bin\jsvml.dll
0x00007ffc1bd00000 - 0x00007ffc1c444000 	C:\Windows\System32\SHELL32.dll
0x00007ffc182c0000 - 0x00007ffc18a5b000 	C:\Windows\SYSTEM32\windows.storage.dll
0x00007ffc1c450000 - 0x00007ffc1c7a4000 	C:\Windows\System32\combase.dll
0x00007ffc19eb0000 - 0x00007ffc19edd000 	C:\Windows\SYSTEM32\Wldp.dll
0x00007ffc1bb10000 - 0x00007ffc1bbbd000 	C:\Windows\System32\SHCORE.dll
0x00007ffc1bab0000 - 0x00007ffc1bb05000 	C:\Windows\System32\shlwapi.dll
0x00007ffc1a480000 - 0x00007ffc1a4a5000 	C:\Windows\SYSTEM32\profapi.dll
0x00007ffbff470000 - 0x00007ffbff483000 	C:\Users\DELL\.jdks\openjdk-19.0.1\bin\net.dll
0x00007ffc17b00000 - 0x00007ffc17c0a000 	C:\Windows\SYSTEM32\WINHTTP.dll
0x00007ffc19c90000 - 0x00007ffc19cfa000 	C:\Windows\system32\mswsock.dll
0x00007ffbfe4a0000 - 0x00007ffbfe4b6000 	C:\Users\DELL\.jdks\openjdk-19.0.1\bin\nio.dll
0x00007ffbfe430000 - 0x00007ffbfe448000 	C:\Users\DELL\.jdks\openjdk-19.0.1\bin\zip.dll
0x00007ffc0b560000 - 0x00007ffc0b570000 	C:\Users\DELL\.jdks\openjdk-19.0.1\bin\verify.dll

dbghelp: loaded successfully - version: 4.0.5 - missing functions: none
symbol engine: initialized successfully - sym options: 0x614 - pdb path: .;C:\Users\DELL\.jdks\openjdk-19.0.1\bin;C:\Windows\SYSTEM32;C:\Windows\WinSxS\amd64_microsoft.windows.common-controls_6595b64144ccf1df_6.0.19041.3570_none_60bb2a3971f3e41a;C:\Users\DELL\.jdks\openjdk-19.0.1\bin\server

VM Arguments:
jvm_args: -Dnet.bytebuddy.agent.attacher.dump= 
java_command: net.bytebuddy.agent.Attacher com.sun.tools.attach.VirtualMachine 235848 C:\Users\DELL\.m2\repository\net\bytebuddy\byte-buddy-agent\1.14.10\byte-buddy-agent-1.14.10.jar false 
java_class_path (initial): C:\Users\DELL\.m2\repository\net\bytebuddy\byte-buddy-agent\1.14.10\byte-buddy-agent-1.14.10.jar
Launcher Type: SUN_STANDARD

[Global flags]
     intx CICompilerCount                          = 3                                         {product} {ergonomic}
     uint ConcGCThreads                            = 1                                         {product} {ergonomic}
     uint G1ConcRefinementThreads                  = 4                                         {product} {ergonomic}
   size_t G1HeapRegionSize                         = 2097152                                   {product} {ergonomic}
    uintx GCDrainStackTargetSize                   = 64                                        {product} {ergonomic}
   size_t InitialHeapSize                          = 266338304                                 {product} {ergonomic}
   size_t MarkStackSize                            = 4194304                                   {product} {ergonomic}
   size_t MaxHeapSize                              = 4259315712                                {product} {ergonomic}
   size_t MaxNewSize                               = 2554331136                                {product} {ergonomic}
   size_t MinHeapDeltaBytes                        = 2097152                                   {product} {ergonomic}
   size_t MinHeapSize                              = 8388608                                   {product} {ergonomic}
    uintx NonNMethodCodeHeapSize                   = 5832780                                {pd product} {ergonomic}
    uintx NonProfiledCodeHeapSize                  = 122912730                              {pd product} {ergonomic}
    uintx ProfiledCodeHeapSize                     = 122912730                              {pd product} {ergonomic}
    uintx ReservedCodeCacheSize                    = 251658240                              {pd product} {ergonomic}
     bool SegmentedCodeCache                       = true                                      {product} {ergonomic}
   size_t SoftMaxHeapSize                          = 4259315712                             {manageable} {ergonomic}
     bool UseCompressedClassPointers               = true                           {product lp64_product} {ergonomic}
     bool UseCompressedOops                        = true                           {product lp64_product} {ergonomic}
     bool UseG1GC                                  = true                                      {product} {ergonomic}
     bool UseLargePagesIndividualAllocation        = false                                  {pd product} {ergonomic}

Logging:
Log output configuration:
 #0: stdout all=warning uptime,level,tags foldmultilines=false
 #1: stderr all=off uptime,level,tags foldmultilines=false

Environment Variables:
JAVA_HOME=D:\Yashesh\openjdk-12+32_windows-x64_bin\jdk-12
PATH=C:\Windows\system32;C:\Windows;C:\Windows\System32\Wbem;C:\Windows\System32\WindowsPowerShell\v1.0\;C:\Windows\System32\OpenSSH\;C:\Program Files\Git\cmd;C:\Program Files\nodejs\;D:\Yashesh\openjdk-12+32_windows-x64_bin\jdk-12\bin;C:\Program Files\Common Files\Oracle\Java\javapath;C:\Program Files\JetBrains\IntelliJ IDEA Community Edition 2022.3.1\plugins\maven\lib\maven3\bin;C:\Program Files\nebula-windows-amd64;;C:\Program Files\Docker\Docker\resources\bin;D:\Yashesh\openjdk-12+32_windows-x64_bin\jdk-12\bin;;C:\Users\DELL\AppData\Local\Programs\Microsoft VS Code\bin
USERNAME=DELL
OS=Windows_NT
PROCESSOR_IDENTIFIER=Intel64 Family 6 Model 142 Stepping 9, GenuineIntel
TMP=C:\Users\DELL\AppData\Local\Temp
TEMP=C:\Users\DELL\AppData\Local\Temp



---------------  S Y S T E M  ---------------

OS:
 Windows 10 , 64 bit Build 19041 (10.0.19041.3570)
OS uptime: 13 days 8:20 hours
Hyper-V role detected

CPU: total 4 (initial active 4) (2 cores per cpu, 2 threads per core) family 6 model 142 stepping 9 microcode 0xc6, cx8, cmov, fxsr, ht, mmx, 3dnowpref, sse, sse2, sse3, ssse3, sse4.1, sse4.2, popcnt, lzcnt, tsc, tscinvbit, avx, avx2, aes, erms, clmul, bmi1, bmi2, adx, fma, vzeroupper, clflush, clflushopt, hv, rdtscp

Memory: 4k page, system-wide physical 16243M (1007M free)
TotalPageFile size 34268M (AvailPageFile size 4M)
current process WorkingSet (physical memory assigned to process): 29M, peak: 29M
current process commit charge ("private bytes"): 333M, peak: 333M

vm_info: OpenJDK 64-Bit Server VM (19.0.1+10-21) for windows-amd64 JRE (19.0.1+10-21), built on 2022-09-14T12:45:06Z by "mach5one" with MS VC++ 17.1 (VS2022)

END.
